Starting Impala Shell without Kerberos authentication
Opened TCP connection to test4:21000
Connected to test4:21000
Server version: impalad version 3.2.0-cdh6.3.2 RELEASE (build 1bb9836227301b839a32c6bc230e35439d5984ac)
Query: use tpc_test
Query: SELECT * FROM call_center           limit 2
Query submitted at: 2020-06-10 02:18:28 (Coordinator: http://test4:25000)
Query progress can be monitored at: http://test4:25000/query_plan?query_id=c24a98f5b603f869:e710b05700000000
+-------------------+-------------------+---------------------+---------------------+-------------------+-----------------+---------------+----------+--------------+----------+----------------------+----------------+-----------+----------------------------------------------------+------------------------------------------------------------------+-------------------+-------------+------------------+------------+----------------------------------------------------+------------------+----------------+-----------------+-----------------+---------+-------------------+----------+------------+---------------+---------------+-------------------+
| cc_call_center_sk | cc_call_center_id | cc_rec_start_date   | cc_rec_end_date     | cc_closed_date_sk | cc_open_date_sk | cc_name       | cc_class | cc_employees | cc_sq_ft | cc_hours             | cc_manager     | cc_mkt_id | cc_mkt_class                                       | cc_mkt_desc                                                      | cc_market_manager | cc_division | cc_division_name | cc_company | cc_company_name                                    | cc_street_number | cc_street_name | cc_street_type  | cc_suite_number | cc_city | cc_county         | cc_state | cc_zip     | cc_country    | cc_gmt_offset | cc_tax_percentage |
+-------------------+-------------------+---------------------+---------------------+-------------------+-----------------+---------------+----------+--------------+----------+----------------------+----------------+-----------+----------------------------------------------------+------------------------------------------------------------------+-------------------+-------------+------------------+------------+----------------------------------------------------+------------------+----------------+-----------------+-----------------+---------+-------------------+----------+------------+---------------+---------------+-------------------+
| 2                 | AAAAAAAACAAAAAAA  | 1998-01-01 00:00:00 | 2000-12-31 00:00:00 | NULL              | 2450806         | Mid Atlantic  | medium   | 6            | 2268     | 8AM-8AM              | Felipe Perkins | 2         | A bit narrow forms matter animals. Consist         | Largely blank years put substantially deaf, new others. Question | Julius Durham     | 5           | anti             | 1          | ought                                              | 984              | Center Hill    | Way             | Suite 70        | Midway  | Williamson County | TN       | 31904      | United States | -5.00         | 0.12              |
| 4                 | AAAAAAAAEAAAAAAA  | 1998-01-01 00:00:00 | 2000-01-01 00:00:00 | NULL              | 2451063         | North Midwest | medium   | 1            | 649      | 8AM-4PM              | Larry Mccray   | 2         | Dealers make most historical, direct students      | Rich groups catch longer other fears; future,                    | Matthew Clifton   | 4           | ese              | 3          | pri                                                | 463              | Pine Ridge     | RD              | Suite U         | Midway  | Williamson County | TN       | 31904      | United States | -5.00         | 0.05              |
+-------------------+-------------------+---------------------+---------------------+-------------------+-----------------+---------------+----------+--------------+----------+----------------------+----------------+-----------+----------------------------------------------------+------------------------------------------------------------------+-------------------+-------------+------------------+------------+----------------------------------------------------+------------------+----------------+-----------------+-----------------+---------+-------------------+----------+------------+---------------+---------------+-------------------+
Fetched 2 row(s) in 0.12s
Query: SELECT * FROM catalog_page          limit 2
Query submitted at: 2020-06-10 02:18:28 (Coordinator: http://test4:25000)
Query progress can be monitored at: http://test4:25000/query_plan?query_id=3c4c3ebff369bd24:a60bd19000000000
+--------------------+--------------------+------------------+----------------+---------------+-------------------+------------------------+----------------------------------------------------------------------------------------------+-----------+
| cp_catalog_page_sk | cp_catalog_page_id | cp_start_date_sk | cp_end_date_sk | cp_department | cp_catalog_number | cp_catalog_page_number | cp_description                                                                               | cp_type   |
+--------------------+--------------------+------------------+----------------+---------------+-------------------+------------------------+----------------------------------------------------------------------------------------------+-----------+
| 2                  | AAAAAAAACAAAAAAA   | 2450815          | 2450996        | DEPARTMENT    | 1                 | 2                      | English areas will leave prisoners. Too public countries ought to become beneath the years.  | bi-annual |
| 4                  | AAAAAAAAEAAAAAAA   | 2450815          | NULL           |               | 1                 | NULL                   |                                                                                              | bi-annual |
+--------------------+--------------------+------------------+----------------+---------------+-------------------+------------------------+----------------------------------------------------------------------------------------------+-----------+
Fetched 2 row(s) in 0.11s
Query: SELECT * FROM catalog_returns       limit 2
Query submitted at: 2020-06-10 02:18:28 (Coordinator: http://test4:25000)
Query progress can be monitored at: http://test4:25000/query_plan?query_id=d048e482619ed081:9eb4962c00000000
+------------+-----------------+---------------------+---------------------+-------------------------+----------------------+----------------------+---------------------+--------------------------+-----------------------+-----------------------+----------------------+-------------------+--------------------+-----------------+-----------------+--------------+--------------------+------------------+---------------+-----------------------+--------+---------------------+------------------+--------------------+-----------------+-------------+
| cr_item_sk | cr_order_number | cr_returned_date_sk | cr_returned_time_sk | cr_refunded_customer_sk | cr_refunded_cdemo_sk | cr_refunded_hdemo_sk | cr_refunded_addr_sk | cr_returning_customer_sk | cr_returning_cdemo_sk | cr_returning_hdemo_sk | cr_returning_addr_sk | cr_call_center_sk | cr_catalog_page_sk | cr_ship_mode_sk | cr_warehouse_sk | cr_reason_sk | cr_return_quantity | cr_return_amount | cr_return_tax | cr_return_amt_inc_tax | cr_fee | cr_return_ship_cost | cr_refunded_cash | cr_reversed_charge | cr_store_credit | cr_net_loss |
+------------+-----------------+---------------------+---------------------+-------------------------+----------------------+----------------------+---------------------+--------------------------+-----------------------+-----------------------+----------------------+-------------------+--------------------+-----------------+-----------------+--------------+--------------------+------------------+---------------+-----------------------+--------+---------------------+------------------+--------------------+-----------------+-------------+
| 1          | 13711           | 2451195             | 49252               | 77854                   | 1493766              | 2925                 | 48037               | 77854                    | 1493766               | 2119                  | 48037                | 4                 | 275                | 14              | 1               | 28           | 44                 | 51.04            | 1.02          | 52.06                 | 91.35  | 239.80              | 20.41            | 30.01              | 0.62            | 332.17      |
| 1          | 20335           | 2451225             | 40427               | 57919                   | 143256               | 3346                 | 11483               | 29119                    | 449625                | 6773                  | 13521                | 1                 | 197                | 12              | 2               | 10           | 33                 | 3532.32          | 247.26        | 3779.58               | 63.77  | 620.40              | 2578.59          | 886.96             | 66.77           | 931.43      |
+------------+-----------------+---------------------+---------------------+-------------------------+----------------------+----------------------+---------------------+--------------------------+-----------------------+-----------------------+----------------------+-------------------+--------------------+-----------------+-----------------+--------------+--------------------+------------------+---------------+-----------------------+--------+---------------------+------------------+--------------------+-----------------+-------------+
Fetched 2 row(s) in 0.12s
Query: SELECT * FROM catalog_sales         limit 2
Query submitted at: 2020-06-10 02:18:28 (Coordinator: http://test4:25000)
Query progress can be monitored at: http://test4:25000/query_plan?query_id=b1455fa504175558:cb12c00d00000000
+------------+-----------------+-----------------+-----------------+-----------------+---------------------+------------------+------------------+-----------------+---------------------+------------------+------------------+-----------------+-------------------+--------------------+-----------------+-----------------+-------------+-------------+-------------------+---------------+----------------+---------------------+--------------------+-----------------------+-------------------+------------+---------------+------------------+-------------+---------------------+----------------------+--------------------------+---------------+
| cs_item_sk | cs_order_number | cs_sold_date_sk | cs_sold_time_sk | cs_ship_date_sk | cs_bill_customer_sk | cs_bill_cdemo_sk | cs_bill_hdemo_sk | cs_bill_addr_sk | cs_ship_customer_sk | cs_ship_cdemo_sk | cs_ship_hdemo_sk | cs_ship_addr_sk | cs_call_center_sk | cs_catalog_page_sk | cs_ship_mode_sk | cs_warehouse_sk | cs_promo_sk | cs_quantity | cs_wholesale_cost | cs_list_price | cs_sales_price | cs_ext_discount_amt | cs_ext_sales_price | cs_ext_wholesale_cost | cs_ext_list_price | cs_ext_tax | cs_coupon_amt | cs_ext_ship_cost | cs_net_paid | cs_net_paid_inc_tax | cs_net_paid_inc_ship | cs_net_paid_inc_ship_tax | cs_net_profit |
+------------+-----------------+-----------------+-----------------+-----------------+---------------------+------------------+------------------+-----------------+---------------------+------------------+------------------+-----------------+-------------------+--------------------+-----------------+-----------------+-------------+-------------+-------------------+---------------+----------------+---------------------+--------------------+-----------------------+-------------------+------------+---------------+------------------+-------------+---------------------+----------------------+--------------------------+---------------+
| 1          | 7250            | 2450958         | 51324           | 2451004         | 52481               | 33095            | 2956             | 24417           | 52481               | 33095            | 2956             | 24417           | 4                 | 43                 | 8               | 2               | 262         | 74          | 7.43              | 21.10         | 20.25          | 62.90               | 1498.50            | 549.82                | 1561.40           | 89.91      | 0.00          | 561.66           | 1498.50     | 1588.41             | 2060.16              | 2150.07                  | 948.68        |
| 1          | 11637           | 2451035         | 74293           | 2451093         | 13196               | 639397           | 1151             | 17352           | 13196               | 639397           | 1151             | 17352           | 1                 | 146                | 9               | 4               | 226         | 25          | 70.79             | 190.42        | 30.46          | 3999.00             | 761.50             | 1769.75               | 4760.50           | 60.92      | 0.00          | 666.25           | 761.50      | 822.42              | 1427.75              | 1488.67                  | -1008.25      |
+------------+-----------------+-----------------+-----------------+-----------------+---------------------+------------------+------------------+-----------------+---------------------+------------------+------------------+-----------------+-------------------+--------------------+-----------------+-----------------+-------------+-------------+-------------------+---------------+----------------+---------------------+--------------------+-----------------------+-------------------+------------+---------------+------------------+-------------+---------------------+----------------------+--------------------------+---------------+
Fetched 2 row(s) in 0.12s
Query: SELECT * FROM customer              limit 2
Query submitted at: 2020-06-10 02:18:29 (Coordinator: http://test4:25000)
Query progress can be monitored at: http://test4:25000/query_plan?query_id=4e4a090face6258a:f152cac200000000
+---------------+------------------+--------------------+--------------------+-------------------+------------------------+-----------------------+--------------+----------------------+--------------------------------+-----------------------+-------------+---------------+--------------+-----------------+---------------+----------------------------------------------------+--------------------+
| c_customer_sk | c_customer_id    | c_current_cdemo_sk | c_current_hdemo_sk | c_current_addr_sk | c_first_shipto_date_sk | c_first_sales_date_sk | c_salutation | c_first_name         | c_last_name                    | c_preferred_cust_flag | c_birth_day | c_birth_month | c_birth_year | c_birth_country | c_login       | c_email_address                                    | c_last_review_date |
+---------------+------------------+--------------------+--------------------+-------------------+------------------------+-----------------------+--------------+----------------------+--------------------------------+-----------------------+-------------+---------------+--------------+-----------------+---------------+----------------------------------------------------+--------------------+
| 2             | AAAAAAAACAAAAAAA | 819667             | 1461               | 31655             | 2452318                | 2452288               | Dr.          | Amy                  | Moses                          | Y                     | 9           | 4             | 1966         | TOGO            |               | Amy.Moses@Ovk9KjHH.com                             | 2452318            |
| 4             | AAAAAAAAEAAAAAAA | 1703214            | 3986               | 39558             | 2450030                | 2450000               | Dr.          | Michael              | White                          | N                     | 7           | 6             | 1983         | MEXICO          |               | Michael.White@i.org                                | 2452361            |
+---------------+------------------+--------------------+--------------------+-------------------+------------------------+-----------------------+--------------+----------------------+--------------------------------+-----------------------+-------------+---------------+--------------+-----------------+---------------+----------------------------------------------------+--------------------+
Fetched 2 row(s) in 0.12s
Query: SELECT * FROM customer_address      limit 2
Query submitted at: 2020-06-10 02:18:29 (Coordinator: http://test4:25000)
Query progress can be monitored at: http://test4:25000/query_plan?query_id=864d8c9872d8ed34:32efd22300000000
+---------------+------------------+------------------+----------------+-----------------+-----------------+-----------+-------------------+----------+------------+---------------+---------------+----------------------+
| ca_address_sk | ca_address_id    | ca_street_number | ca_street_name | ca_street_type  | ca_suite_number | ca_city   | ca_county         | ca_state | ca_zip     | ca_country    | ca_gmt_offset | ca_location_type     |
+---------------+------------------+------------------+----------------+-----------------+-----------------+-----------+-------------------+----------+------------+---------------+---------------+----------------------+
| 2             | AAAAAAAACAAAAAAA | 362              | Washington 6th | RD              | Suite 80        | Fairview  | Taos County       | NM       | 85709      | United States | -7.00         | condo                |
| 4             | AAAAAAAAEAAAAAAA | 111              | Smith          | Wy              | Suite A         | Oak Ridge | Kit Carson County | CO       | 88371      | United States | -7.00         | condo                |
+---------------+------------------+------------------+----------------+-----------------+-----------------+-----------+-------------------+----------+------------+---------------+---------------+----------------------+
Fetched 2 row(s) in 0.12s
Query: SELECT * FROM customer_demographics limit 2
Query submitted at: 2020-06-10 02:18:29 (Coordinator: http://test4:25000)
Query progress can be monitored at: http://test4:25000/query_plan?query_id=4f4afc5b4ab44ec7:546c273100000000
+------------+-----------+-------------------+----------------------+----------------------+------------------+--------------+-----------------------+----------------------+
| cd_demo_sk | cd_gender | cd_marital_status | cd_education_status  | cd_purchase_estimate | cd_credit_rating | cd_dep_count | cd_dep_employed_count | cd_dep_college_count |
+------------+-----------+-------------------+----------------------+----------------------+------------------+--------------+-----------------------+----------------------+
| 2          | F         | M                 | Primary              | 500                  | Good             | 0            | 0                     | 0                    |
| 4          | F         | S                 | Primary              | 500                  | Good             | 0            | 0                     | 0                    |
+------------+-----------+-------------------+----------------------+----------------------+------------------+--------------+-----------------------+----------------------+
Fetched 2 row(s) in 0.11s
Query: SELECT * FROM date_dim              limit 2
Query submitted at: 2020-06-10 02:18:29 (Coordinator: http://test4:25000)
Query progress can be monitored at: http://test4:25000/query_plan?query_id=7a4f7cc90a6b9f01:6d6bdd2500000000
+-----------+------------------+---------------------+-------------+------------+---------------+--------+-------+-------+-------+-------+-----------+------------------+---------------+------------+----------------+-----------+-----------+---------------------+-------------+------------+---------------+---------------+---------------+----------------+-----------------+-------------------+----------------+
| d_date_sk | d_date_id        | d_date              | d_month_seq | d_week_seq | d_quarter_seq | d_year | d_dow | d_moy | d_dom | d_qoy | d_fy_year | d_fy_quarter_seq | d_fy_week_seq | d_day_name | d_quarter_name | d_holiday | d_weekend | d_following_holiday | d_first_dom | d_last_dom | d_same_day_ly | d_same_day_lq | d_current_day | d_current_week | d_current_month | d_current_quarter | d_current_year |
+-----------+------------------+---------------------+-------------+------------+---------------+--------+-------+-------+-------+-------+-----------+------------------+---------------+------------+----------------+-----------+-----------+---------------------+-------------+------------+---------------+---------------+---------------+----------------+-----------------+-------------------+----------------+
| 2415022   | AAAAAAAAOKJNECAA | 1900-01-02 00:00:00 | 0           | 1          | 1             | 1900   | 1     | 1     | 2     | 1     | 1900      | 1                | 1             | Monday     | 1900Q1         | N         | N         | Y                   | 2415021     | 2415020    | 2414657       | 2414930       | N             | N              | N               | N                 | N              |
| 2415023   | AAAAAAAAPKJNECAA | 1900-01-03 00:00:00 | 0           | 1          | 1             | 1900   | 2     | 1     | 3     | 1     | 1900      | 1                | 1             | Tuesday    | 1900Q1         | N         | N         | N                   | 2415021     | 2415020    | 2414658       | 2414931       | N             | N              | N               | N                 | N              |
+-----------+------------------+---------------------+-------------+------------+---------------+--------+-------+-------+-------+-------+-----------+------------------+---------------+------------+----------------+-----------+-----------+---------------------+-------------+------------+---------------+---------------+---------------+----------------+-----------------+-------------------+----------------+
Fetched 2 row(s) in 0.12s
Query: SELECT * FROM dbgen_version         limit 2
Query submitted at: 2020-06-10 02:18:29 (Coordinator: http://test4:25000)
Query progress can be monitored at: http://test4:25000/query_plan?query_id=114c866d39f5a448:4d9606d500000000
+------------+---------------------+----------------+---------------------------------+
| dv_version | dv_create_date      | dv_create_time | dv_cmdline_args                 |
+------------+---------------------+----------------+---------------------------------+
| 2.13.0     | 2020-06-07 00:00:00 | 21:34:53       | -DIR /root/test_datas -SCALE 1  |
+------------+---------------------+----------------+---------------------------------+
Fetched 1 row(s) in 0.11s
Query: SELECT * FROM household_demographics limit 2
Query submitted at: 2020-06-10 02:18:29 (Coordinator: http://test4:25000)
Query progress can be monitored at: http://test4:25000/query_plan?query_id=514a6ca4ce3632de:32687dc000000000
+------------+-------------------+------------------+--------------+------------------+
| hd_demo_sk | hd_income_band_sk | hd_buy_potential | hd_dep_count | hd_vehicle_count |
+------------+-------------------+------------------+--------------+------------------+
| 2          | 3                 | 0-500            | 0            | 0                |
| 4          | 5                 | 0-500            | 0            | 0                |
+------------+-------------------+------------------+--------------+------------------+
Fetched 2 row(s) in 0.11s
Query: SELECT * FROM income_band           limit 2
Query submitted at: 2020-06-10 02:18:29 (Coordinator: http://test4:25000)
Query progress can be monitored at: http://test4:25000/query_plan?query_id=e54b467f4f2c9efc:d338e6a800000000
+-------------------+----------------+----------------+
| ib_income_band_sk | ib_lower_bound | ib_upper_bound |
+-------------------+----------------+----------------+
| 2                 | 10001          | 20000          |
| 4                 | 30001          | 40000          |
+-------------------+----------------+----------------+
Fetched 2 row(s) in 0.11s
Query: SELECT * FROM inventory             limit 2
Query submitted at: 2020-06-10 02:18:29 (Coordinator: http://test4:25000)
Query progress can be monitored at: http://test4:25000/query_plan?query_id=a643420740585f20:2da0ecda00000000
+-------------+-------------+------------------+----------------------+
| inv_date_sk | inv_item_sk | inv_warehouse_sk | inv_quantity_on_hand |
+-------------+-------------+------------------+----------------------+
| 2450815     | 2           | 3                | 58                   |
| 2450815     | 2           | 4                | 85                   |
+-------------+-------------+------------------+----------------------+
Fetched 2 row(s) in 0.11s
Query: SELECT * FROM item                  limit 2
Query submitted at: 2020-06-10 02:18:30 (Coordinator: http://test4:25000)
Query progress can be monitored at: http://test4:25000/query_plan?query_id=154a04849ab81a86:1adfbd8600000000
+-----------+------------------+---------------------+---------------------+-----------------------------------------------------------------------------------------------------------------------------------------------------+-----------------+------------------+------------+----------------------------------------------------+------------+----------------------------------------------------+---------------+----------------------------------------------------+---------------+----------------------------------------------------+----------------------+----------------------+----------------------+------------+-------------+--------------+----------------------------------------------------+
| i_item_sk | i_item_id        | i_rec_start_date    | i_rec_end_date      | i_item_desc                                                                                                                                         | i_current_price | i_wholesale_cost | i_brand_id | i_brand                                            | i_class_id | i_class                                            | i_category_id | i_category                                         | i_manufact_id | i_manufact                                         | i_size               | i_formulation        | i_color              | i_units    | i_container | i_manager_id | i_product_name                                     |
+-----------+------------------+---------------------+---------------------+-----------------------------------------------------------------------------------------------------------------------------------------------------+-----------------+------------------+------------+----------------------------------------------------+------------+----------------------------------------------------+---------------+----------------------------------------------------+---------------+----------------------------------------------------+----------------------+----------------------+----------------------+------------+-------------+--------------+----------------------------------------------------+
| 2         | AAAAAAAACAAAAAAA | 1997-10-27 00:00:00 | 2000-10-26 00:00:00 | False opportunities would run alone with a views. Early approaches would show inc, european intentions; important, main passages shall know urban,  | 1.12            | 0.38             | 1001001    | amalgamalg #1                                      | 1          | dresses                                            | 1             | Women                                              | 294           | esen stable                                        | petite               | 516steel060826230906 | rosy                 | Bunch      | Unknown     | 98           | able                                               |
| 4         | AAAAAAAAEAAAAAAA | 1997-10-27 00:00:00 | 1999-10-27 00:00:00 | Normal systems would join simply different theories. Full, new clothes may eat instead achievements. D                                              | 1.35            | 0.85             | 3002001    | importoexporti #1                                  | 2          | infants                                            | 3             | Children                                           | 479           | n stationese                                       | extra large          | 610157moccasin018327 | red                  | Tbl        | Unknown     | 26           | ese                                                |
+-----------+------------------+---------------------+---------------------+-----------------------------------------------------------------------------------------------------------------------------------------------------+-----------------+------------------+------------+----------------------------------------------------+------------+----------------------------------------------------+---------------+----------------------------------------------------+---------------+----------------------------------------------------+----------------------+----------------------+----------------------+------------+-------------+--------------+----------------------------------------------------+
Fetched 2 row(s) in 0.11s
Query: SELECT * FROM promotion             limit 2
Query submitted at: 2020-06-10 02:18:30 (Coordinator: http://test4:25000)
Query progress can be monitored at: http://test4:25000/query_plan?query_id=d64eb3c516c54fda:a26d219d00000000
+------------+------------------+-----------------+---------------+-----------+---------+-------------------+----------------------------------------------------+-----------------+-----------------+-------------------+--------------+-----------------+-----------------+-----------------+----------------+-------------------------------------------+-----------------+-------------------+
| p_promo_sk | p_promo_id       | p_start_date_sk | p_end_date_sk | p_item_sk | p_cost  | p_response_target | p_promo_name                                       | p_channel_dmail | p_channel_email | p_channel_catalog | p_channel_tv | p_channel_radio | p_channel_press | p_channel_event | p_channel_demo | p_channel_details                         | p_purpose       | p_discount_active |
+------------+------------------+-----------------+---------------+-----------+---------+-------------------+----------------------------------------------------+-----------------+-----------------+-------------------+--------------+-----------------+-----------------+-----------------+----------------+-------------------------------------------+-----------------+-------------------+
| 2          | AAAAAAAACAAAAAAA | 2450118         | 2450150       | 2410      | 1000.00 | 1                 | able                                               | Y               | N               | N                 | N            | N               | N               | N               | N              | So willing buildings coul                 | Unknown         | N                 |
| 4          | AAAAAAAAEAAAAAAA | 2450633         | 2450646       | 9794      | 1000.00 | 1                 | ese                                                | N               | N               | N                 | N            | N               | N               | N               | N              | High, good shoulders can tell on a proble | Unknown         | N                 |
+------------+------------------+-----------------+---------------+-----------+---------+-------------------+----------------------------------------------------+-----------------+-----------------+-------------------+--------------+-----------------+-----------------+-----------------+----------------+-------------------------------------------+-----------------+-------------------+
Fetched 2 row(s) in 0.11s
Query: SELECT * FROM reason                limit 2
Query submitted at: 2020-06-10 02:18:30 (Coordinator: http://test4:25000)
Query progress can be monitored at: http://test4:25000/query_plan?query_id=9445163db4120f3c:eab14dad00000000
+-------------+------------------+------------------------------------------------------------------------------------------------------+
| r_reason_sk | r_reason_id      | r_reason_desc                                                                                        |
+-------------+------------------+------------------------------------------------------------------------------------------------------+
| 2           | AAAAAAAACAAAAAAA | Stopped working                                                                                      |
| 4           | AAAAAAAAEAAAAAAA | Not the product that was ordred                                                                      |
+-------------+------------------+------------------------------------------------------------------------------------------------------+
Fetched 2 row(s) in 0.11s
Query: SELECT * FROM ship_mode             limit 2
Query submitted at: 2020-06-10 02:18:30 (Coordinator: http://test4:25000)
Query progress can be monitored at: http://test4:25000/query_plan?query_id=2f4081ccc4f55d49:10025c9800000000
+-----------------+------------------+--------------------------------+------------+----------------------+----------------------+
| sm_ship_mode_sk | sm_ship_mode_id  | sm_type                        | sm_code    | sm_carrier           | sm_contract          |
+-----------------+------------------+--------------------------------+------------+----------------------+----------------------+
| 2               | AAAAAAAACAAAAAAA | NEXT DAY                       | AIR        | FEDEX                | ldhM8IvpzHgdbBgDfI   |
| 4               | AAAAAAAAEAAAAAAA | TWO DAY                        | AIR        | USPS                 | UaAJjKDnL4gTOqbpj    |
+-----------------+------------------+--------------------------------+------------+----------------------+----------------------+
Fetched 2 row(s) in 0.11s
Query: SELECT * FROM store                 limit 2
Query submitted at: 2020-06-10 02:18:30 (Coordinator: http://test4:25000)
Query progress can be monitored at: http://test4:25000/query_plan?query_id=f547b60d1e7a4b74:36ac3ac300000000
+------------+------------------+---------------------+---------------------+------------------+--------------+--------------------+---------------+----------------------+-------------+-------------+-------------------+-----------------------------------------------------------------------------------+------------------+---------------+-----------------+--------------+----------------+-----------------+---------------+-----------------+----------------+--------+-------------------+---------+------------+---------------+--------------+------------------+
| s_store_sk | s_store_id       | s_rec_start_date    | s_rec_end_date      | s_closed_date_sk | s_store_name | s_number_employees | s_floor_space | s_hours              | s_manager   | s_market_id | s_geography_class | s_market_desc                                                                     | s_market_manager | s_division_id | s_division_name | s_company_id | s_company_name | s_street_number | s_street_name | s_street_type   | s_suite_number | s_city | s_county          | s_state | s_zip      | s_country     | s_gmt_offset | s_tax_precentage |
+------------+------------------+---------------------+---------------------+------------------+--------------+--------------------+---------------+----------------------+-------------+-------------+-------------------+-----------------------------------------------------------------------------------+------------------+---------------+-----------------+--------------+----------------+-----------------+---------------+-----------------+----------------+--------+-------------------+---------+------------+---------------+--------------+------------------+
| 2          | AAAAAAAACAAAAAAA | 1997-03-13 00:00:00 | 2000-03-12 00:00:00 | NULL             | able         | 236                | 5285950       | 8AM-4PM              | Scott Smith | 8           | Unknown           | Parliamentary candidates wait then heavy, keen mil                                | David Lamontagne | 1             | Unknown         | 1            | Unknown        | 255             | Sycamore      | Dr.             | Suite 410      | Midway | Williamson County | TN      | 31904      | United States | -5.00        | 0.03             |
| 4          | AAAAAAAAEAAAAAAA | 1997-03-13 00:00:00 | 1999-03-13 00:00:00 | 2451044          | ese          | 218                | 9341467       | 8AM-4PM              | Edwin Adams | 4           | Unknown           | Events would achieve other, eastern hours. Mechanisms must not eat other, new org | Thomas Pollack   | 1             | Unknown         | 1            | Unknown        | 27              | Lake          | Ln              | Suite 260      | Midway | Williamson County | TN      | 31904      | United States | -5.00        | 0.03             |
+------------+------------------+---------------------+---------------------+------------------+--------------+--------------------+---------------+----------------------+-------------+-------------+-------------------+-----------------------------------------------------------------------------------+------------------+---------------+-----------------+--------------+----------------+-----------------+---------------+-----------------+----------------+--------+-------------------+---------+------------+---------------+--------------+------------------+
Fetched 2 row(s) in 0.12s
Query: SELECT * FROM store_returns         limit 2
Query submitted at: 2020-06-10 02:18:30 (Coordinator: http://test4:25000)
Query progress can be monitored at: http://test4:25000/query_plan?query_id=ff4e8345119b381a:ec36ce2d00000000
+------------+------------------+---------------------+-------------------+----------------+-------------+-------------+------------+-------------+--------------+--------------------+---------------+---------------+-----------------------+--------+---------------------+------------------+--------------------+-----------------+-------------+
| sr_item_sk | sr_ticket_number | sr_returned_date_sk | sr_return_time_sk | sr_customer_sk | sr_cdemo_sk | sr_hdemo_sk | sr_addr_sk | sr_store_sk | sr_reason_sk | sr_return_quantity | sr_return_amt | sr_return_tax | sr_return_amt_inc_tax | sr_fee | sr_return_ship_cost | sr_refunded_cash | sr_reversed_charge | sr_store_credit | sr_net_loss |
+------------+------------------+---------------------+-------------------+----------------+-------------+-------------+------------+-------------+--------------+--------------------+---------------+---------------+-----------------------+--------+---------------------+------------------+--------------------+-----------------+-------------+
| 1          | 29338            | 2452694             | 30733             | 99300          | 831597      | 3094        | 15391      | 2           | 5            | 6                  | 266.40        | 0.00          | 266.40                | 42.53  | 2.64                | 157.17           | 25.12              | 84.11           | 45.17       |
| 1          | 30766            | 2451783             | 46066             | 80213          | 848962      | 4252        | 41495      | 8           | 23           | 11                 | 411.62        | 20.58         | 432.20                | 68.66  | 205.81              | 267.55           | 37.45              | 106.62          | 295.05      |
+------------+------------------+---------------------+-------------------+----------------+-------------+-------------+------------+-------------+--------------+--------------------+---------------+---------------+-----------------------+--------+---------------------+------------------+--------------------+-----------------+-------------+
Fetched 2 row(s) in 0.11s
Query: SELECT * FROM store_sales           limit 2
Query submitted at: 2020-06-10 02:18:30 (Coordinator: http://test4:25000)
Query progress can be monitored at: http://test4:25000/query_plan?query_id=c34f2f701bf846c9:5826fb4500000000
+------------+------------------+-----------------+-----------------+----------------+-------------+-------------+------------+-------------+-------------+-------------+-------------------+---------------+----------------+---------------------+--------------------+-----------------------+-------------------+------------+---------------+-------------+---------------------+---------------+
| ss_item_sk | ss_ticket_number | ss_sold_date_sk | ss_sold_time_sk | ss_customer_sk | ss_cdemo_sk | ss_hdemo_sk | ss_addr_sk | ss_store_sk | ss_promo_sk | ss_quantity | ss_wholesale_cost | ss_list_price | ss_sales_price | ss_ext_discount_amt | ss_ext_sales_price | ss_ext_wholesale_cost | ss_ext_list_price | ss_ext_tax | ss_coupon_amt | ss_net_paid | ss_net_paid_inc_tax | ss_net_profit |
+------------+------------------+-----------------+-----------------+----------------+-------------+-------------+------------+-------------+-------------+-------------+-------------------+---------------+----------------+---------------------+--------------------+-----------------------+-------------------+------------+---------------+-------------+---------------------+---------------+
| 2068       | 164585           | 2451085         | 50052           | 69980          | 559303      | 3473        | 37643      | 10          | 96          | 78          | 92.62             | 179.68        | 12.57          | 0.00                | 980.46             | 7224.36               | 14015.04          | 0.00       | 0.00          | 980.46      | 980.46              | -6243.90      |
| 2068       | 165589           | 2451527         | 35825           | 90642          | 382517      | 3192        | 10220      | 4           | 140         | 85          | 77.71             | 153.08        | 29.08          | 716.82              | 2471.80            | 6605.35               | 13011.80          | 157.94     | 716.82        | 1754.98     | 1912.92             | -4850.37      |
+------------+------------------+-----------------+-----------------+----------------+-------------+-------------+------------+-------------+-------------+-------------+-------------------+---------------+----------------+---------------------+--------------------+-----------------------+-------------------+------------+---------------+-------------+---------------------+---------------+
Fetched 2 row(s) in 0.11s
Query: SELECT * FROM time_dim              limit 2
Query submitted at: 2020-06-10 02:18:30 (Coordinator: http://test4:25000)
Query progress can be monitored at: http://test4:25000/query_plan?query_id=3b477bb50d92dca0:a673148500000000
+-----------+------------------+--------+--------+----------+----------+---------+----------------------+----------------------+----------------------+
| t_time_sk | t_time_id        | t_time | t_hour | t_minute | t_second | t_am_pm | t_shift              | t_sub_shift          | t_meal_time          |
+-----------+------------------+--------+--------+----------+----------+---------+----------------------+----------------------+----------------------+
| 0         | AAAAAAAABAAAAAAA | 0      | 0      | 0        | 0        | AM      | third                | night                |                      |
| 2         | AAAAAAAADAAAAAAA | 2      | 0      | 0        | 2        | AM      | third                | night                |                      |
+-----------+------------------+--------+--------+----------+----------+---------+----------------------+----------------------+----------------------+
Fetched 2 row(s) in 0.11s
Query: SELECT * FROM warehouse             limit 2
Query submitted at: 2020-06-10 02:18:30 (Coordinator: http://test4:25000)
Query progress can be monitored at: http://test4:25000/query_plan?query_id=c74910d0e91bf3d6:7f7ab77100000000
+----------------+------------------+----------------------+-------------------+-----------------+---------------+-----------------+----------------+----------+-------------------+---------+------------+---------------+--------------+
| w_warehouse_sk | w_warehouse_id   | w_warehouse_name     | w_warehouse_sq_ft | w_street_number | w_street_name | w_street_type   | w_suite_number | w_city   | w_county          | w_state | w_zip      | w_country     | w_gmt_offset |
+----------------+------------------+----------------------+-------------------+-----------------+---------------+-----------------+----------------+----------+-------------------+---------+------------+---------------+--------------+
| 2              | AAAAAAAACAAAAAAA | Important issues liv | 138504            | 600             | View First    | Avenue          | Suite P        | Fairview | Williamson County | TN      | 35709      | United States | -5.00        |
| 4              | AAAAAAAAEAAAAAAA | Bad cards must make. | 621234            | 368             | Wilson Elm    | Drive           | Suite 80       | Fairview | Williamson County | TN      | 35709      | United States | -5.00        |
+----------------+------------------+----------------------+-------------------+-----------------+---------------+-----------------+----------------+----------+-------------------+---------+------------+---------------+--------------+
Fetched 2 row(s) in 0.11s
Query: SELECT * FROM web_page              limit 2
Query submitted at: 2020-06-10 02:18:31 (Coordinator: http://test4:25000)
Query progress can be monitored at: http://test4:25000/query_plan?query_id=d14bd3d9ccd04974:0c3a197600000000
+----------------+------------------+---------------------+---------------------+---------------------+-------------------+-----------------+----------------+--------------------+----------------------------------------------------+---------------+---------------+----------------+-----------------+
| wp_web_page_sk | wp_web_page_id   | wp_rec_start_date   | wp_rec_end_date     | wp_creation_date_sk | wp_access_date_sk | wp_autogen_flag | wp_customer_sk | wp_url             | wp_type                                            | wp_char_count | wp_link_count | wp_image_count | wp_max_ad_count |
+----------------+------------------+---------------------+---------------------+---------------------+-------------------+-----------------+----------------+--------------------+----------------------------------------------------+---------------+---------------+----------------+-----------------+
| 2              | AAAAAAAACAAAAAAA | 1997-09-03 00:00:00 | 2000-09-02 00:00:00 | 2450814             | 2452580           | N               | NULL           | http://www.foo.com | protected                                          | 1564          | 4             | 3              | 1               |
| 4              | AAAAAAAAEAAAAAAA | 1997-09-03 00:00:00 | 1999-09-03 00:00:00 | 2450812             | 2452579           | N               | NULL           | http://www.foo.com | general                                            | 3732          | 18            | 7              | 1               |
+----------------+------------------+---------------------+---------------------+---------------------+-------------------+-----------------+----------------+--------------------+----------------------------------------------------+---------------+---------------+----------------+-----------------+
Fetched 2 row(s) in 0.11s
Query: SELECT * FROM web_returns           limit 2
Query submitted at: 2020-06-10 02:18:31 (Coordinator: http://test4:25000)
Query progress can be monitored at: http://test4:25000/query_plan?query_id=f7493c26aee4fc47:707ad0fa00000000
+------------+-----------------+---------------------+---------------------+-------------------------+----------------------+----------------------+---------------------+--------------------------+-----------------------+-----------------------+----------------------+----------------+--------------+--------------------+---------------+---------------+-----------------------+--------+---------------------+------------------+--------------------+-------------------+-------------+
| wr_item_sk | wr_order_number | wr_returned_date_sk | wr_returned_time_sk | wr_refunded_customer_sk | wr_refunded_cdemo_sk | wr_refunded_hdemo_sk | wr_refunded_addr_sk | wr_returning_customer_sk | wr_returning_cdemo_sk | wr_returning_hdemo_sk | wr_returning_addr_sk | wr_web_page_sk | wr_reason_sk | wr_return_quantity | wr_return_amt | wr_return_tax | wr_return_amt_inc_tax | wr_fee | wr_return_ship_cost | wr_refunded_cash | wr_reversed_charge | wr_account_credit | wr_net_loss |
+------------+-----------------+---------------------+---------------------+-------------------------+----------------------+----------------------+---------------------+--------------------------+-----------------------+-----------------------+----------------------+----------------+--------------+--------------------+---------------+---------------+-----------------------+--------+---------------------+------------------+--------------------+-------------------+-------------+
| 1          | 15938           | 2451216             | 54701               | 64568                   | 912221               | 7074                 | 20327               | 64568                    | 912221                | 7074                  | 20327                | 31             | 2            | 14                 | 286.44        | 2.86          | 289.30                | 37.90  | 89.46               | 197.64           | 73.70              | 15.10             | 130.22      |
| 1          | 21253           | 2452528             | 8056                | 17735                   | 394109               | NULL                 | NULL                | 17735                    | 394109                | NULL                  | 3610                 | NULL           | 35           | 83                 | 2928.24       | 29.28         | 2957.52               | 30.38  | 3660.30             | NULL             | 590.04             | 317.72            | 3719.96     |
+------------+-----------------+---------------------+---------------------+-------------------------+----------------------+----------------------+---------------------+--------------------------+-----------------------+-----------------------+----------------------+----------------+--------------+--------------------+---------------+---------------+-----------------------+--------+---------------------+------------------+--------------------+-------------------+-------------+
Fetched 2 row(s) in 0.11s
Query: SELECT * FROM web_sales             limit 2
Query submitted at: 2020-06-10 02:18:31 (Coordinator: http://test4:25000)
Query progress can be monitored at: http://test4:25000/query_plan?query_id=2247c8aedcdde92d:7159e30200000000
+------------+-----------------+-----------------+-----------------+-----------------+---------------------+------------------+------------------+-----------------+---------------------+------------------+------------------+-----------------+----------------+----------------+-----------------+-----------------+-------------+-------------+-------------------+---------------+----------------+---------------------+--------------------+-----------------------+-------------------+------------+---------------+------------------+-------------+---------------------+----------------------+--------------------------+---------------+
| ws_item_sk | ws_order_number | ws_sold_date_sk | ws_sold_time_sk | ws_ship_date_sk | ws_bill_customer_sk | ws_bill_cdemo_sk | ws_bill_hdemo_sk | ws_bill_addr_sk | ws_ship_customer_sk | ws_ship_cdemo_sk | ws_ship_hdemo_sk | ws_ship_addr_sk | ws_web_page_sk | ws_web_site_sk | ws_ship_mode_sk | ws_warehouse_sk | ws_promo_sk | ws_quantity | ws_wholesale_cost | ws_list_price | ws_sales_price | ws_ext_discount_amt | ws_ext_sales_price | ws_ext_wholesale_cost | ws_ext_list_price | ws_ext_tax | ws_coupon_amt | ws_ext_ship_cost | ws_net_paid | ws_net_paid_inc_tax | ws_net_paid_inc_ship | ws_net_paid_inc_ship_tax | ws_net_profit |
+------------+-----------------+-----------------+-----------------+-----------------+---------------------+------------------+------------------+-----------------+---------------------+------------------+------------------+-----------------+----------------+----------------+-----------------+-----------------+-------------+-------------+-------------------+---------------+----------------+---------------------+--------------------+-----------------------+-------------------+------------+---------------+------------------+-------------+---------------------+----------------------+--------------------------+---------------+
| 5347       | 42517           | 2451392         | 299             | 2451511         | 47930               | 1497984          | 6085             | 10186           | 95297               | 908533           | 6042             | 37743           | 25             | 14             | 16              | 4               | 92          | 23          | 95.61             | 163.49        | 117.71         | 1052.94             | 2707.33            | 2199.03               | 3760.27           | 21.38      | 568.53        | 864.80           | 2138.80     | 2160.18             | 3003.60              | 3024.98                  | -60.23        |
| 5347       | 48933           | 2451951         | 71242           | 2451953         | 96911               | 101639           | 3520             | 31401           | 89082               | 1301034          | 4291             | 49819           | 35             | 15             | 5               | 2               | 299         | 3           | 94.71             | 98.49         | 50.22          | 144.81              | 150.66             | 284.13                | 295.47            | 2.86       | 7.53          | 38.40            | 143.13      | 145.99              | 181.53               | 184.39                   | -141.00       |
+------------+-----------------+-----------------+-----------------+-----------------+---------------------+------------------+------------------+-----------------+---------------------+------------------+------------------+-----------------+----------------+----------------+-----------------+-----------------+-------------+-------------+-------------------+---------------+----------------+---------------------+--------------------+-----------------------+-------------------+------------+---------------+------------------+-------------+---------------------+----------------------+--------------------------+---------------+
Fetched 2 row(s) in 0.12s
Query: SELECT * FROM web_site              limit 2
Query submitted at: 2020-06-10 02:18:31 (Coordinator: http://test4:25000)
Query progress can be monitored at: http://test4:25000/query_plan?query_id=bf40df5155c717dd:c210ceba00000000
+-------------+------------------+---------------------+---------------------+----------+------------------+-------------------+-----------+---------------+------------+----------------------------------------------+--------------------------------------------------------------------------------+--------------------+----------------+----------------------------------------------------+-------------------+-----------------+-----------------+------------------+----------+-------------------+-----------+------------+---------------+----------------+--------------------+
| web_site_sk | web_site_id      | web_rec_start_date  | web_rec_end_date    | web_name | web_open_date_sk | web_close_date_sk | web_class | web_manager   | web_mkt_id | web_mkt_class                                | web_mkt_desc                                                                   | web_market_manager | web_company_id | web_company_name                                   | web_street_number | web_street_name | web_street_type | web_suite_number | web_city | web_county        | web_state | web_zip    | web_country   | web_gmt_offset | web_tax_percentage |
+-------------+------------------+---------------------+---------------------+----------+------------------+-------------------+-----------+---------------+------------+----------------------------------------------+--------------------------------------------------------------------------------+--------------------+----------------+----------------------------------------------------+-------------------+-----------------+-----------------+------------------+----------+-------------------+-----------+------------+---------------+----------------+--------------------+
| 2           | AAAAAAAACAAAAAAA | 1997-08-16 00:00:00 | 2000-08-15 00:00:00 | site_0   | 2450798          | 2447148           | Unknown   | Tommy Jones   | 6          | Completely excellent things ought to pro     | Lucky passengers know. Red details will not hang alive, international s        | David Myers        | 4              | ese                                                | 358               | Ridge Wilson    | Cir.            | Suite 150        | Midway   | Williamson County | TN        | 31904      | United States | -5.00          | 0.00               |
| 4           | AAAAAAAAEAAAAAAA | 1997-08-16 00:00:00 | 1999-08-16 00:00:00 | site_0   | 2450781          | 2448956           | Unknown   | Harold Wilson | 5          | As strong notes deal questions. Proud visito | Deeply small books cannot extend all similar, clear historians. Free, new camp | James Harris       | 5              | anti                                               | 805               | Hill Hill       | Dr.             | Suite R          | Midway   | Williamson County | TN        | 31904      | United States | -5.00          | 0.08               |
+-------------+------------------+---------------------+---------------------+----------+------------------+-------------------+-----------+---------------+------------+----------------------------------------------+--------------------------------------------------------------------------------+--------------------+----------------+----------------------------------------------------+-------------------+-----------------+-----------------+------------------+----------+-------------------+-----------+------------+---------------+----------------+--------------------+
Fetched 2 row(s) in 0.12s
