Starting Impala Shell without Kerberos authentication
Opened TCP connection to test4:21000
Connected to test4:21000
Server version: impalad version 3.2.0-cdh6.3.2 RELEASE (build 1bb9836227301b839a32c6bc230e35439d5984ac)
Query: use tpc_test
Query: select count(*)
from store_sales
,household_demographics
,time_dim, store
where ss_sold_time_sk = time_dim.t_time_sk
and ss_hdemo_sk = household_demographics.hd_demo_sk
and ss_store_sk = s_store_sk
and time_dim.t_hour = 8
and time_dim.t_minute >= 30
and household_demographics.hd_dep_count = 5
and store.s_store_name = 'ese'
order by count(*)
limit 100
Query submitted at: 2020-06-10 02:21:05 (Coordinator: http://test4:25000)
Query progress can be monitored at: http://test4:25000/query_plan?query_id=d741827c0a56d57b:8a85c49b00000000
+----------+
| count(*) |
+----------+
| 949      |
+----------+
Fetched 1 row(s) in 0.75s
