Starting Impala Shell without Kerberos authentication
Opened TCP connection to test4:21000
Connected to test4:21000
Server version: impalad version 3.2.0-cdh6.3.2 RELEASE (build 1bb9836227301b839a32c6bc230e35439d5984ac)
Query: use tpc_test
Query: select c_last_name
,c_first_name
,c_salutation
,c_preferred_cust_flag
,ss_ticket_number
,cnt from
(select ss_ticket_number
,ss_customer_sk
,count(*) cnt
from store_sales,date_dim,store,household_demographics
where store_sales.ss_sold_date_sk = date_dim.d_date_sk
and store_sales.ss_store_sk = store.s_store_sk
and store_sales.ss_hdemo_sk = household_demographics.hd_demo_sk
and (date_dim.d_dom between 1 and 3 or date_dim.d_dom between 25 and 28)
and (household_demographics.hd_buy_potential = '501-1000' or
household_demographics.hd_buy_potential = 'Unknown')
and household_demographics.hd_vehicle_count > 0
and (case when household_demographics.hd_vehicle_count > 0
then household_demographics.hd_dep_count/ household_demographics.hd_vehicle_count
else null
end)  > 1.2
and date_dim.d_year in (2000,2000+1,2000+2)
and store.s_county in ('Williamson County','Williamson County','Williamson County','Williamson County',
'Williamson County','Williamson County','Williamson County','Williamson County')
group by ss_ticket_number,ss_customer_sk) dn,customer
where ss_customer_sk = c_customer_sk
and cnt between 15 and 20
order by c_last_name,c_first_name,c_salutation,c_preferred_cust_flag desc, ss_ticket_number
Query submitted at: 2020-06-10 02:21:56 (Coordinator: http://test4:25000)
Query progress can be monitored at: http://test4:25000/query_plan?query_id=b040f6b1cf3f13e4:4e98203100000000
Fetched 0 row(s) in 0.75s
