Starting Impala Shell without Kerberos authentication
Opened TCP connection to test4:21000
Connected to test4:21000
Server version: impalad version 3.2.0-cdh6.3.2 RELEASE (build 1bb9836227301b839a32c6bc230e35439d5984ac)
Query: use tpc_test
Query: select s_store_name
,s_company_id
,s_street_number
,s_street_name
,s_street_type
,s_suite_number
,s_city
,s_county
,s_state
,s_zip
,sum(case when (sr_returned_date_sk - ss_sold_date_sk <= 30 ) then 1 else 0 end)  as "30 days"
,sum(case when (sr_returned_date_sk - ss_sold_date_sk > 30) and
(sr_returned_date_sk - ss_sold_date_sk <= 60) then 1 else 0 end )  as "31-60 days"
,sum(case when (sr_returned_date_sk - ss_sold_date_sk > 60) and
(sr_returned_date_sk - ss_sold_date_sk <= 90) then 1 else 0 end)  as "61-90 days"
,sum(case when (sr_returned_date_sk - ss_sold_date_sk > 90) and
(sr_returned_date_sk - ss_sold_date_sk <= 120) then 1 else 0 end)  as "91-120 days"
,sum(case when (sr_returned_date_sk - ss_sold_date_sk  > 120) then 1 else 0 end)  as ">120 days"
from
store_sales
,store_returns
,store
,date_dim d1
,date_dim d2
where
d2.d_year = 2002
and d2.d_moy  = 8
and ss_ticket_number = sr_ticket_number
and ss_item_sk = sr_item_sk
and ss_sold_date_sk   = d1.d_date_sk
and sr_returned_date_sk   = d2.d_date_sk
and ss_customer_sk = sr_customer_sk
and ss_store_sk = s_store_sk
group by
s_store_name
,s_company_id
,s_street_number
,s_street_name
,s_street_type
,s_suite_number
,s_city
,s_county
,s_state
,s_zip
order by s_store_name
,s_company_id
,s_street_number
,s_street_name
,s_street_type
,s_suite_number
,s_city
,s_county
,s_state
,s_zip
limit 100
Query submitted at: 2020-06-10 02:21:45 (Coordinator: http://test4:25000)
Query progress can be monitored at: http://test4:25000/query_plan?query_id=89450ff89969de41:e8bfd33700000000
+--------------+--------------+-----------------+---------------+-----------------+----------------+----------+-------------------+---------+------------+---------+------------+------------+-------------+-----------+
| s_store_name | s_company_id | s_street_number | s_street_name | s_street_type   | s_suite_number | s_city   | s_county          | s_state | s_zip      | 30 days | 31-60 days | 61-90 days | 91-120 days | >120 days |
+--------------+--------------+-----------------+---------------+-----------------+----------------+----------+-------------------+---------+------------+---------+------------+------------+-------------+-----------+
| able         | 1            | 255             | Sycamore      | Dr.             | Suite 410      | Midway   | Williamson County | TN      | 31904      | 60      | 48         | 56         | 53          | 104       |
| ation        | 1            | 811             | Lee           | Circle          | Suite T        | Midway   | Williamson County | TN      | 31904      | 65      | 65         | 56         | 75          | 127       |
| bar          | 1            | 175             | 4th           | Court           | Suite C        | Midway   | Williamson County | TN      | 31904      | 55      | 49         | 43         | 49          | 105       |
| eing         | 1            | 226             | 12th          | Lane            | Suite D        | Fairview | Williamson County | TN      | 35709      | 58      | 50         | 64         | 44          | 109       |
| ese          | 1            | 27              | Lake          | Ln              | Suite 260      | Midway   | Williamson County | TN      | 31904      | 94      | 45         | 59         | 61          | 124       |
| ought        | 1            | 767             | Spring        | Wy              | Suite 250      | Midway   | Williamson County | TN      | 31904      | 88      | 56         | 51         | 61          | 107       |
+--------------+--------------+-----------------+---------------+-----------------+----------------+----------+-------------------+---------+------------+---------+------------+------------+-------------+-----------+
Fetched 6 row(s) in 1.45s
