Starting Impala Shell without Kerberos authentication
Opened TCP connection to test4:21000
Connected to test4:21000
Server version: impalad version 3.2.0-cdh6.3.2 RELEASE (build 1bb9836227301b839a32c6bc230e35439d5984ac)
Query: use tpc_test
Query: select *
from(
select i_category, i_class, i_brand,
s_store_name, s_company_name,
d_moy,
sum(ss_sales_price) sum_sales,
avg(sum(ss_sales_price)) over
(partition by i_category, i_brand, s_store_name, s_company_name)
avg_monthly_sales
from item, store_sales, date_dim, store
where ss_item_sk = i_item_sk and
ss_sold_date_sk = d_date_sk and
ss_store_sk = s_store_sk and
d_year in (2001) and
((i_category in ('Children','Jewelry','Home') and
i_class in ('infants','birdal','flatware')
)
or (i_category in ('Electronics','Music','Books') and
i_class in ('audio','classical','science')
))
group by i_category, i_class, i_brand,
s_store_name, s_company_name, d_moy) tmp1
where case when (avg_monthly_sales <> 0) then (abs(sum_sales - avg_monthly_sales) / avg_monthly_sales) else null end > 0.1
order by sum_sales - avg_monthly_sales, s_store_name
limit 100
Query submitted at: 2020-06-10 02:21:40 (Coordinator: http://test4:25000)
Query progress can be monitored at: http://test4:25000/query_plan?query_id=b44a16d590b7d65a:3991a93300000000
Fetched 0 row(s) in 1.03s
