Starting Impala Shell without Kerberos authentication
Opened TCP connection to test4:21000
Connected to test4:21000
Server version: impalad version 3.2.0-cdh6.3.2 RELEASE (build 1bb9836227301b839a32c6bc230e35439d5984ac)
Query: use tpc_test
Query: select avg(ss_quantity)
,avg(ss_ext_sales_price)
,avg(ss_ext_wholesale_cost)
,sum(ss_ext_wholesale_cost)
from store_sales
,store
,customer_demographics
,household_demographics
,customer_address
,date_dim
where s_store_sk = ss_store_sk
and  ss_sold_date_sk = d_date_sk and d_year = 2001
and((ss_hdemo_sk=hd_demo_sk
and cd_demo_sk = ss_cdemo_sk
and cd_marital_status = 'U'
and cd_education_status = '4 yr Degree'
and ss_sales_price between 100.00 and 150.00
and hd_dep_count = 3
)or
(ss_hdemo_sk=hd_demo_sk
and cd_demo_sk = ss_cdemo_sk
and cd_marital_status = 'S'
and cd_education_status = 'Unknown'
and ss_sales_price between 50.00 and 100.00
and hd_dep_count = 1
) or
(ss_hdemo_sk=hd_demo_sk
and cd_demo_sk = ss_cdemo_sk
and cd_marital_status = 'D'
and cd_education_status = '2 yr Degree'
and ss_sales_price between 150.00 and 200.00
and hd_dep_count = 1
))
and((ss_addr_sk = ca_address_sk
and ca_country = 'United States'
and ca_state in ('CO', 'MI', 'MN')
and ss_net_profit between 100 and 200
) or
(ss_addr_sk = ca_address_sk
and ca_country = 'United States'
and ca_state in ('NC', 'NY', 'TX')
and ss_net_profit between 150 and 300
) or
(ss_addr_sk = ca_address_sk
and ca_country = 'United States'
and ca_state in ('CA', 'NE', 'TN')
and ss_net_profit between 50 and 250
))
Query submitted at: 2020-06-10 02:22:10 (Coordinator: http://test4:25000)
Query progress can be monitored at: http://test4:25000/query_plan?query_id=4147abfe288e929a:9ba9c54200000000
+------------------+-------------------------+----------------------------+----------------------------+
| avg(ss_quantity) | avg(ss_ext_sales_price) | avg(ss_ext_wholesale_cost) | sum(ss_ext_wholesale_cost) |
+------------------+-------------------------+----------------------------+----------------------------+
| NULL             | NULL                    | NULL                       | NULL                       |
+------------------+-------------------------+----------------------------+----------------------------+
Fetched 1 row(s) in 1.34s
