Starting Impala Shell without Kerberos authentication
Opened TCP connection to test4:21000
Connected to test4:21000
Server version: impalad version 3.2.0-cdh6.3.2 RELEASE (build 1bb9836227301b839a32c6bc230e35439d5984ac)
Query: use tpc_test
Query: select dt.d_year
,item.i_category_id
,item.i_category
,sum(ss_ext_sales_price)
from 	date_dim dt
,store_sales
,item
where dt.d_date_sk = store_sales.ss_sold_date_sk
and store_sales.ss_item_sk = item.i_item_sk
and item.i_manager_id = 1
and dt.d_moy=11
and dt.d_year=1998
group by 	dt.d_year
,item.i_category_id
,item.i_category
order by       sum(ss_ext_sales_price) desc,dt.d_year
,item.i_category_id
,item.i_category
limit 100
Query submitted at: 2020-06-10 02:21:47 (Coordinator: http://test4:25000)
Query progress can be monitored at: http://test4:25000/query_plan?query_id=3047959e4498dbbb:ebcc28cb00000000
+--------+---------------+----------------------------------------------------+-------------------------+
| d_year | i_category_id | i_category                                         | sum(ss_ext_sales_price) |
+--------+---------------+----------------------------------------------------+-------------------------+
| 1998   | 1             | Women                                              | 456139.91               |
| 1998   | 5             | Music                                              | 409189.15               |
| 1998   | 6             | Jewelry                                            | 374067.44               |
| 1998   | 7             | Home                                               | 322313.22               |
| 1998   | 8             | Sports                                             | 312939.11               |
| 1998   | 2             | Men                                                | 292622.17               |
| 1998   | 3             | Children                                           | 287922.36               |
| 1998   | 4             | Shoes                                              | 264991.66               |
| 1998   | 10            | Electronics                                        | 262623.69               |
| 1998   | 9             | Books                                              | 190747.12               |
+--------+---------------+----------------------------------------------------+-------------------------+
Fetched 10 row(s) in 0.63s
