Starting Impala Shell without Kerberos authentication
Opened TCP connection to test4:21000
Connected to test4:21000
Server version: impalad version 3.2.0-cdh6.3.2 RELEASE (build 1bb9836227301b839a32c6bc230e35439d5984ac)
Query: use tpc_test
Query: select cast(amc as decimal(15,4))/cast(pmc as decimal(15,4)) am_pm_ratio
from ( select count(*) amc
from web_sales, household_demographics , time_dim, web_page
where ws_sold_time_sk = time_dim.t_time_sk
and ws_ship_hdemo_sk = household_demographics.hd_demo_sk
and ws_web_page_sk = web_page.wp_web_page_sk
and time_dim.t_hour between 9 and 9+1
and household_demographics.hd_dep_count = 2
and web_page.wp_char_count between 5000 and 5200) ati,
( select count(*) pmc
from web_sales, household_demographics , time_dim, web_page
where ws_sold_time_sk = time_dim.t_time_sk
and ws_ship_hdemo_sk = household_demographics.hd_demo_sk
and ws_web_page_sk = web_page.wp_web_page_sk
and time_dim.t_hour between 15 and 15+1
and household_demographics.hd_dep_count = 2
and web_page.wp_char_count between 5000 and 5200) pt
order by am_pm_ratio
limit 100
Query submitted at: 2020-06-10 02:21:25 (Coordinator: http://test4:25000)
Query progress can be monitored at: http://test4:25000/query_plan?query_id=f24a8055617062a8:d9104a7500000000
+------------------------+
| am_pm_ratio            |
+------------------------+
| 1.27619047619047619048 |
+------------------------+
Fetched 1 row(s) in 0.65s
