Starting Impala Shell without Kerberos authentication
Opened TCP connection to test4:21000
Connected to test4:21000
Server version: impalad version 3.2.0-cdh6.3.2 RELEASE (build 1bb9836227301b839a32c6bc230e35439d5984ac)
Query: use tpc_test
Query: select sum (ss_quantity)
from store_sales, store, customer_demographics, customer_address, date_dim
where s_store_sk = ss_store_sk
and  ss_sold_date_sk = d_date_sk and d_year = 2001
and
(
(
cd_demo_sk = ss_cdemo_sk
and
cd_marital_status = 'W'
and
cd_education_status = '2 yr Degree'
and
ss_sales_price between 100.00 and 150.00
)
or
(
cd_demo_sk = ss_cdemo_sk
and
cd_marital_status = 'S'
and
cd_education_status = 'Advanced Degree'
and
ss_sales_price between 50.00 and 100.00
)
or
(
cd_demo_sk = ss_cdemo_sk
and
cd_marital_status = 'D'
and
cd_education_status = 'Primary'
and
ss_sales_price between 150.00 and 200.00
)
)
and
(
(
ss_addr_sk = ca_address_sk
and
ca_country = 'United States'
and
ca_state in ('IL', 'KY', 'OR')
and ss_net_profit between 0 and 2000
)
or
(ss_addr_sk = ca_address_sk
and
ca_country = 'United States'
and
ca_state in ('VA', 'FL', 'AL')
and ss_net_profit between 150 and 3000
)
or
(ss_addr_sk = ca_address_sk
and
ca_country = 'United States'
and
ca_state in ('OK', 'IA', 'TX')
and ss_net_profit between 50 and 25000
)
)
Query submitted at: 2020-06-10 02:21:57 (Coordinator: http://test4:25000)
Query progress can be monitored at: http://test4:25000/query_plan?query_id=904e037b31392538:63dee08400000000
+------------------+
| sum(ss_quantity) |
+------------------+
| NULL             |
+------------------+
Fetched 1 row(s) in 1.53s
