Starting Impala Shell without Kerberos authentication
Opened TCP connection to test4:21000
Connected to test4:21000
Server version: impalad version 3.2.0-cdh6.3.2 RELEASE (build 1bb9836227301b839a32c6bc230e35439d5984ac)
Query: use tpc_test
Query: with customer_total_return as
(select cr_returning_customer_sk as ctr_customer_sk
,ca_state as ctr_state,
sum(cr_return_amt_inc_tax) as ctr_total_return
from catalog_returns
,date_dim
,customer_address
where cr_returned_date_sk = d_date_sk
and d_year =1998
and cr_returning_addr_sk = ca_address_sk
group by cr_returning_customer_sk
,ca_state )
select  c_customer_id,c_salutation,c_first_name,c_last_name,ca_street_number,ca_street_name
,ca_street_type,ca_suite_number,ca_city,ca_county,ca_state,ca_zip,ca_country,ca_gmt_offset
,ca_location_type,ctr_total_return
from customer_total_return ctr1
,customer_address
,customer
where ctr1.ctr_total_return > (select avg(ctr_total_return)*1.2
from customer_total_return ctr2
where ctr1.ctr_state = ctr2.ctr_state)
and ca_address_sk = c_current_addr_sk
and ca_state = 'TX'
and ctr1.ctr_customer_sk = c_customer_sk
order by c_customer_id,c_salutation,c_first_name,c_last_name,ca_street_number,ca_street_name
,ca_street_type,ca_suite_number,ca_city,ca_county,ca_state,ca_zip,ca_country,ca_gmt_offset
,ca_location_type,ctr_total_return
limit 100
Query submitted at: 2020-06-10 02:21:24 (Coordinator: http://test4:25000)
Query progress can be monitored at: http://test4:25000/query_plan?query_id=784fd45e205f557e:3fa1f6c400000000
+------------------+--------------+----------------------+--------------------------------+------------------+-------------------+-----------------+-----------------+----------------+----------------------+----------+------------+---------------+---------------+----------------------+------------------+
| c_customer_id    | c_salutation | c_first_name         | c_last_name                    | ca_street_number | ca_street_name    | ca_street_type  | ca_suite_number | ca_city        | ca_county            | ca_state | ca_zip     | ca_country    | ca_gmt_offset | ca_location_type     | ctr_total_return |
+------------------+--------------+----------------------+--------------------------------+------------------+-------------------+-----------------+-----------------+----------------+----------------------+----------+------------+---------------+---------------+----------------------+------------------+
| AAAAAAAAABGMAAAA | Miss         | Bess                 | Lewis                          | 233              | Woodland          | Blvd            | Suite 420       | Lakeside       | Lee County           | TX       | 79532      | United States | -6.00         | condo                | 2763.72          |
| AAAAAAAAACMKAAAA | Dr.          | Jean                 | Lee                            | 379              | Smith             | Cir.            | Suite G         | Five Forks     | Briscoe County       | TX       | 72293      | United States | -6.00         | single family        | 5564.96          |
| AAAAAAAAAEIDAAAA | Dr.          | Caleb                | Keyes                          | 320              | South Chestnut    | Pkwy            | Suite 0         | Lincoln        | Bexar County         | TX       | 71289      | United States | -6.00         | apartment            | 6499.71          |
| AAAAAAAAAEIGBAAA | Sir          | Henry                | Gonzales                       | 723              | Laurel Forest     | Ln              | Suite 100       | Georgetown     | Upshur County        | TX       | 77057      | United States | -6.00         | single family        | 2365.81          |
| AAAAAAAAAEMIAAAA | Miss         | Melissa              | Smith                          | 906              | Poplar            | Dr.             | Suite E         | Mountain View  | Harris County        | TX       | 74466      | United States | -6.00         | single family        | 6585.94          |
| AAAAAAAAAFCGAAAA | Mr.          | Jordan               | West                           | 529              | Third Fourth      | Parkway         | Suite V         | Bethesda       | Orange County        | TX       | 75980      | United States | -6.00         | condo                | 2601.48          |
| AAAAAAAAAGBIAAAA | Sir          | Fred                 | Williams                       | 59               | College Park      | Pkwy            | Suite 320       | Hillcrest      | Glasscock County     | TX       | 73003      | United States | -6.00         | single family        | 2398.35          |
| AAAAAAAAAIHEAAAA | Dr.          | Sarah                | Head                           | 646              | Main West         | Street          | Suite K         | Bethel         | Hall County          | TX       | 75281      | United States | -6.00         | single family        | 2262.82          |
| AAAAAAAAAIKCBAAA | Dr.          | Rosemarie            | Munoz                          | 437              | 2nd               | Court           | Suite 60        | Lone Pine      | Hansford County      | TX       | 77441      | United States | -6.00         | apartment            | 4604.16          |
| AAAAAAAAAKKGBAAA | Mr.          | John                 | Hoffman                        | 550              | South             | ST              | Suite 380       | Cedar Grove    | Crockett County      | TX       | 70411      | United States | -6.00         | apartment            | 1782.86          |
| AAAAAAAAAMIBAAAA | Miss         | Susan                | Seymour                        | 874              | Hill Spruce       | Road            | Suite 150       | Howell         | Hall County          | TX       | 74854      | United States | -6.00         | apartment            | 3460.79          |
| AAAAAAAAAOOHBAAA | Sir          | Joseph               | Hernandez                      | 488              | Fifth Cedar       | Road            | Suite N         | Carpenter      | Hansford County      | TX       | 71147      | United States | -6.00         | apartment            | 2917.11          |
| AAAAAAAAAPBLAAAA | Mr.          | Royce                | Jordan                         | 776              | East Oak          | Pkwy            | Suite Q         | Harmony        | Reeves County        | TX       | 75804      | United States | -6.00         | apartment            | 6965.57          |
| AAAAAAAAAPMEBAAA | Ms.          | Kristin              | Benitez                        | 623              | Locust 13th       | Court           | Suite P         | Mount Zion     | Rockwall County      | TX       | 78054      | United States | -6.00         | condo                | 2146.20          |
| AAAAAAAAAPNHBAAA | Sir          | Danny                | Todd                           | 195              | 2nd               | Blvd            | Suite 130       | Whitesville    | Duval County         | TX       | 75903      | United States | -6.00         | single family        | 3398.09          |
| AAAAAAAABAOIAAAA | Dr.          | Denise               | Obrien                         | 958              | Pine              | Circle          | Suite J         | Glenwood       | Refugio County       | TX       | 73511      | United States | -6.00         | condo                | 2142.72          |
| AAAAAAAABCJHBAAA | Dr.          | Elizabeth            | Mcwilliams                     | 249              | Cherry            | RD              | Suite D         | Clinton        | Waller County        | TX       | 78222      | United States | -6.00         | apartment            | 2374.40          |
| AAAAAAAABDACAAAA | Dr.          | Wesley               | Lee                            | 811              | Main              | Street          | Suite 310       | Lakewood       | Sterling County      | TX       | 78877      | United States | -6.00         | single family        | 2303.40          |
| AAAAAAAABDOBBAAA | Miss         | Isabella             | Russell                        | 401              | Birch             | Street          | Suite D         | Franklin       | San Jacinto County   | TX       | 79101      | United States | -6.00         | condo                | 3549.62          |
| AAAAAAAABFPHAAAA | Dr.          | Melinda              | Robinson                       | 315              | 8th               | Road            | Suite K         | Weldon         | Wheeler County       | TX       | 76277      | United States | -6.00         | condo                | 2129.18          |
| AAAAAAAABGMDAAAA | Dr.          | Glen                 | Wooldridge                     | 775              | 11th Second       | Drive           | Suite I         | Lincoln        | Sutton County        | TX       | 71289      | United States | -6.00         | apartment            | 2026.96          |
| AAAAAAAABIPJAAAA | Mr.          | Paul                 | Harding                        | 707              | Chestnut          | Avenue          | Suite C         | Edgewood       | Sherman County       | TX       | 70069      | United States | -6.00         | condo                | 6271.73          |
| AAAAAAAABOCGBAAA | Dr.          | Aaron                | Taylor                         | 992              | Park              | Lane            | Suite 350       | New Hope       | Fisher County        | TX       | 79431      | United States | -6.00         | apartment            | 1853.85          |
| AAAAAAAABOCGBAAA | Dr.          | Aaron                | Taylor                         | 992              | Park              | Lane            | Suite 350       | New Hope       | Fisher County        | TX       | 79431      | United States | -6.00         | apartment            | 2801.13          |
| AAAAAAAABOJEAAAA | Ms.          | Charissa             | Evans                          | 799              | West 15th         | Boulevard       | Suite F         | Belmont        | Wilson County        | TX       | 70191      | United States | -6.00         | condo                | 10542.48         |
| AAAAAAAACAOABAAA | Dr.          | Kevin                | Gordon                         | 597              | Locust            | Street          | Suite 120       | Rosebud        | Victoria County      | TX       | 72244      | United States | -6.00         | apartment            | 10686.20         |
| AAAAAAAACBNCBAAA | Sir          | Timothy              | Ferraro                        | 145              | Spring Highland   | Pkwy            | Suite 170       | Edgewood       | Lipscomb County      | TX       | 70069      | United States | -6.00         | apartment            | 1651.56          |
| AAAAAAAACBNCBAAA | Sir          | Timothy              | Ferraro                        | 145              | Spring Highland   | Pkwy            | Suite 170       | Edgewood       | Lipscomb County      | TX       | 70069      | United States | -6.00         | apartment            | 6346.50          |
| AAAAAAAACCJFBAAA | Miss         | Barbara              | Saavedra                       | 419              | 1st               | Street          | Suite Y         | Pleasant Grove | Young County         | TX       | 74136      | United States | -6.00         | condo                | 2092.11          |
| AAAAAAAACEEKAAAA | Sir          | Robert               | Hawkins                        | 755              | 3rd 7th           | Drive           | Suite U         | Newport        | Reeves County        | TX       | 71521      | United States | -6.00         | single family        | 2815.86          |
| AAAAAAAACFAIBAAA | Mrs.         | Alyce                | Knutson                        | 969              | Sunset            | Drive           | Suite 440       | Springfield    | Tarrant County       | TX       | 79303      | United States | -6.00         | apartment            | 2905.37          |
| AAAAAAAACHKABAAA | Dr.          | Gilbert              | Lee                            | 249              | 13th              | Road            | Suite W         | Stringtown     | Randall County       | TX       | 70162      | United States | -6.00         | single family        | 5614.20          |
| AAAAAAAACJOGAAAA | Dr.          | Isabell              | Hernandez                      | 130              | Elm               | Dr.             | Suite X         | Enterprise     | Hemphill County      | TX       | 71757      | United States | -6.00         | single family        | 3366.17          |
| AAAAAAAACMEBBAAA | Ms.          | Alex                 | Muse                           | 419              | View              | Parkway         | Suite M         | Oak Ridge      | Bandera County       | TX       | 78371      | United States | -6.00         | apartment            | 2527.83          |
| AAAAAAAACNEBAAAA | Ms.          | Julia                | Farley                         | 955              | Davis Jefferson   | Court           | Suite 50        | New Hope       | Kimble County        | TX       | 79431      | United States | -6.00         | single family        | 3543.33          |
| AAAAAAAACNHEAAAA | Miss         | Mae                  | Adams                          | 681              | Main              | Ct.             | Suite 70        | Jamestown      | Terrell County       | TX       | 76867      | United States | -6.00         | apartment            | 11734.18         |
| AAAAAAAACNHGBAAA | Dr.          |                      |                                | 150              | Wilson Washington | Dr.             | Suite 280       | Union Hill     | Waller County        | TX       | 77746      | United States | -6.00         | condo                | 1733.88          |
| AAAAAAAACNOGAAAA | Sir          | John                 | Franks                         | 515              | 14th Cedar        | Way             | Suite 240       | Oneida         | Scurry County        | TX       | 74027      | United States | -6.00         | condo                | 1984.34          |
| AAAAAAAACOPDBAAA | Sir          | Gerald               | Williamson                     | 323              | Highland Franklin | Avenue          | Suite 270       | Jackson        | Kent County          | TX       | 79583      | United States | -6.00         | apartment            | 2736.19          |
| AAAAAAAACPEHBAAA | Mrs.         | Joyce                | Boone                          | 300              | Forest            | Way             | Suite O         | Lakewood       | San Patricio County  | TX       | 78877      | United States | -6.00         | single family        | 13560.48         |
| AAAAAAAACPOCBAAA | Sir          | Miguel               | Metcalf                        | 920              | Madison           | Circle          | Suite 410       | Plainview      | Deaf Smith County    | TX       | 73683      | United States | -6.00         | apartment            | 2197.66          |
| AAAAAAAADBOHAAAA | Mrs.         | Rita                 | Brito                          | 388              | Center            | Cir.            | Suite S         | Macedonia      | Aransas County       | TX       | 71087      | United States | -6.00         | single family        | 15476.31         |
| AAAAAAAADBPHBAAA | Dr.          | Sean                 | Gordon                         | 781              | Main              | Ave             | Suite B         | Midway         | Zavala County        | TX       | 71904      | United States | -6.00         | apartment            | 2021.55          |
| AAAAAAAADCFAAAAA | Mrs.         | Joyce                | Huey                           | 218              | 5th               | Ave             | Suite B         | Maple Grove    | Foard County         | TX       | 78252      | United States | -6.00         | apartment            | 3809.13          |
| AAAAAAAADCKEAAAA | Mr.          | Charles              | Massey                         | 871              | Miller Johnson    | Ct.             | Suite 350       | Glendale       | Coryell County       | TX       | 73951      | United States | -6.00         | apartment            | 6227.58          |
| AAAAAAAADCMNAAAA | Mrs.         | Katherine            | Thomas                         | 998              | Fifth Third       | Parkway         | Suite 110       | Union          | Van Zandt County     | TX       | 78721      | United States | -6.00         | apartment            | 2407.25          |
| AAAAAAAADDLLAAAA | Sir          | David                | Sorenson                       | 118              | Johnson 5th       | Court           | Suite T         | Clinton        | Webb County          | TX       | 78222      | United States | -6.00         | single family        | 2584.61          |
| AAAAAAAADECBBAAA | Sir          | James                | Jones                          | 443              | Main              | Wy              | Suite 50        | Spring Hill    | Coleman County       | TX       | 76787      | United States | -6.00         | apartment            | 2207.14          |
| AAAAAAAADFMPAAAA | Sir          | Robin                | Clark                          | 975              | Walnut Forest     | Circle          | Suite 130       | Lakeview       | Brewster County      | TX       | 78579      | United States | -6.00         | condo                | 4606.35          |
| AAAAAAAADFPBBAAA | Mrs.         | Andrea               | Welch                          | 99               | 5th               | Drive           | Suite 400       | Yorktown       | Foard County         | TX       | 70732      | United States | -6.00         | single family        | 2805.08          |
| AAAAAAAADILDBAAA | Mr.          | Pete                 | Wolfe                          | 173              | Sunset            | Pkwy            | Suite 190       | Bethel         | Gray County          | TX       | 75281      | United States | -6.00         | apartment            | 9620.79          |
| AAAAAAAADJMMAAAA | Mr.          | Dennis               | Edwards                        | 495              | Green             | ST              | Suite N         | Wilson         | Gaines County        | TX       | 76971      | United States | -6.00         | single family        | 3227.37          |
| AAAAAAAADKDDBAAA | Dr.          | Harold               | Norton                         | 516              | Willow            | Ave             | Suite P         | Saint James    | Blanco County        | TX       | 75799      | United States | -6.00         | condo                | 2119.58          |
| AAAAAAAADKNHAAAA | Dr.          | Tara                 | Olson                          | 677              | Sixth Lake        | Road            | Suite 240       | Bunker Hill    | Maverick County      | TX       | 70150      | United States | -6.00         | apartment            | 6506.28          |
| AAAAAAAADNHCBAAA | Sir          | Thomas               | Royal                          | 30               | Spring 14th       | Wy              | Suite W         | Highland       | Maverick County      | TX       | 79454      | United States | -6.00         | apartment            | 3926.44          |
| AAAAAAAADNOIAAAA | Ms.          | Alene                | Cowan                          | 582              | Pine              | Ct.             | Suite 240       | Gary           | Potter County        | TX       | 70418      | United States | -6.00         | condo                | 5352.40          |
| AAAAAAAADPCOAAAA | Ms.          | Andrew               | Kelly                          | 294              | 11th Oak          | Ln              | Suite V         | Stringtown     | Castro County        | TX       | 70162      | United States | -6.00         | apartment            | 1733.52          |
| AAAAAAAADPNBBAAA | Dr.          | Jerry                | Nance                          | 959              | Central           |                 |                 |                | Haskell County       | TX       |            | United States | -6.00         |                      | 2659.91          |
| AAAAAAAAEAMHAAAA | Sir          | Arturo               | Field                          | 772              | Park Maple        | Court           | Suite J         | White Oak      | Stonewall County     | TX       | 76668      | United States | -6.00         | condo                | 6300.32          |
| AAAAAAAAECJDAAAA | Dr.          | Darrell              | Galloway                       | 604              | Washington 6th    | RD              | Suite 150       | Sleepy Hollow  | Fisher County        | TX       | 73592      | United States | -6.00         | condo                | 2008.57          |
| AAAAAAAAEDPKAAAA | Miss         | Cherly               | Martin                         | 766              | Ridge             | Court           | Suite L         | Belmont        | Lynn County          | TX       | 70191      | United States | -6.00         | single family        | 1689.23          |
| AAAAAAAAEGCCAAAA | Mr.          | Danny                | Black                          | 488              | Railroad          | Circle          | Suite 340       | Hillcrest      | Webb County          | TX       | 73003      | United States | -6.00         | single family        | 1900.74          |
| AAAAAAAAEHDIAAAA | Dr.          | Jacqueline           | Nguyen                         | 426              | Locust            | Court           | Suite P         | Frenchtown     | Palo Pinto County    | TX       | 72629      | United States | -6.00         | single family        | 5494.52          |
| AAAAAAAAEHHOAAAA | Dr.          | Bonnie               | Nava                           | 165              | 12th Park         | Ln              | Suite 280       | Mountain View  | Guadalupe County     | TX       | 74466      | United States | -6.00         | apartment            | 2583.84          |
| AAAAAAAAEHJAAAAA | Sir          | Rocky                | Allen                          | 756              | Chestnut Lee      | Cir.            | Suite T         | Oakwood        | Marion County        | TX       | 70169      | United States | -6.00         | apartment            | 4691.49          |
| AAAAAAAAEJNLAAAA | Dr.          | Ernie                | Gamble                         | 187              | Johnson           | Cir.            | Suite 480       | Fairview       | San Saba County      | TX       | 75709      | United States | -6.00         | condo                | 4360.14          |
| AAAAAAAAEKIHBAAA | Miss         | Sharon               | Trammell                       | 904              | Green Railroad    | Lane            | Suite 370       | Marion         | Duval County         | TX       | 70399      | United States | -6.00         | condo                | 2026.15          |
| AAAAAAAAEKNCBAAA | Miss         | Virgie               | Smith                          | 824              | East              | Street          | Suite K         | Concord        | Polk County          | TX       | 74107      | United States | -6.00         | single family        | 2295.98          |
| AAAAAAAAELIPAAAA | Miss         | Danielle             | Martin                         | 102              | West              | Street          | Suite 410       | Lakewood       | Borden County        | TX       | 78877      | United States | -6.00         | condo                | 1762.80          |
| AAAAAAAAELMKAAAA | Mrs.         | Joann                | Gillis                         | 865              | 4th               | Wy              | Suite 230       | Enterprise     | Kent County          | TX       | 71757      | United States | -6.00         | single family        | 2670.23          |
| AAAAAAAAEOKBBAAA | Ms.          | Dianne               | Culpepper                      | 274              | Pine              | RD              | Suite 240       | Fairview       | Cherokee County      | TX       | 75709      | United States | -6.00         | single family        | 2550.46          |
| AAAAAAAAEPDKAAAA | Sir          | Frederick            | Workman                        | 605              | Lakeview Poplar   | Parkway         | Suite K         | Woodlawn       | Brazos County        | TX       | 74098      | United States | -6.00         | condo                | 1912.62          |
| AAAAAAAAFBHBAAAA | Mr.          | Timothy              | Dye                            | 70               | Walnut Pine       | Street          | Suite 250       | Jamestown      | San Augustine County | TX       | 76867      | United States | -6.00         | single family        | 3507.92          |
| AAAAAAAAFBMBAAAA | Dr.          | Irma                 | Meyers                         | 90               | Adams             | Dr.             | Suite 480       | Fairview       | Terry County         | TX       | 75709      | United States | -6.00         | single family        | 1683.73          |
| AAAAAAAAFCHBAAAA | Sir          | Michael              | Jackson                        | 140              | Third             | Court           | Suite D         | Cedar Grove    | Wise County          | TX       | 70411      | United States | -6.00         | single family        | 1651.05          |
| AAAAAAAAFCMBAAAA | Mrs.         | Eloise               | Scott                          | 417              | Ridge 9th         | Court           | Suite 20        | Pine Grove     | Palo Pinto County    | TX       | 74593      | United States | -6.00         | apartment            | 2094.98          |
| AAAAAAAAFDKFAAAA | Miss         | Cecelia              | Johnson                        | 166              | Poplar Walnut     | Avenue          | Suite R         | Hamilton       | DeWitt County        | TX       | 72808      | United States | -6.00         | apartment            | 3082.30          |
| AAAAAAAAFEFIAAAA | Dr.          | Tyrone               | Ramos                          | 184              | 4th               | Dr.             | Suite 250       | Liberty        | Kent County          | TX       | 73451      | United States | -6.00         | apartment            | 7493.06          |
| AAAAAAAAFEFNAAAA | Ms.          | Angela               | Frank                          | 573              | Hickory           | ST              | Suite 140       | Midway         | Martin County        | TX       | 71904      | United States | -6.00         | apartment            | 2544.44          |
| AAAAAAAAFGCEAAAA | Miss         | Evelyn               | Joyner                         | 96               | Valley            | Parkway         | Suite S         | Riverview      | Nacogdoches County   | TX       | 79003      | United States | -6.00         | apartment            | 2412.50          |
| AAAAAAAAFGJLAAAA | Mrs.         | Sylvia               | Sample                         |                  |                   | ST              | Suite U         | Oak Ridge      |                      | TX       | 78371      | United States | -6.00         |                      | 5950.32          |
| AAAAAAAAFHGCAAAA | Mrs.         | Carla                | Muniz                          | 570              | 2nd               | Boulevard       | Suite T         | Green Acres    | La Salle County      | TX       | 77683      | United States | -6.00         | apartment            | 4789.59          |
| AAAAAAAAFJIDBAAA | Mr.          | Jonathan             | Dugan                          | 91               | 2nd Davis         | Dr.             | Suite 380       | Five Points    | Hunt County          | TX       | 76098      | United States | -6.00         | single family        | 8570.91          |
| AAAAAAAAFLGGBAAA | Mrs.         | Lindy                | Gonzalez                       |                  | Hill              |                 | Suite Q         | Greenwood      |                      | TX       |            | United States | -6.00         |                      | 3125.99          |
| AAAAAAAAFMDIAAAA | Dr.          | Kathleen             | Scott                          | 700              | 7th Hillcrest     | Ln              | Suite 360       | Five Forks     | Sherman County       | TX       | 72293      | United States | -6.00         | condo                | 4023.92          |
| AAAAAAAAFNBNAAAA |              | Pauline              |                                | 30               | Park              | Avenue          | Suite D         | Highland       | Hunt County          | TX       | 79454      | United States | -6.00         | apartment            | 4142.18          |
| AAAAAAAAGAECAAAA | Mr.          | Sheldon              | Reiss                          | 303              | College Maple     | Dr.             | Suite O         | Riverdale      | Irion County         | TX       | 79391      | United States | -6.00         | apartment            | 1750.30          |
| AAAAAAAAGCFGBAAA | Dr.          | Anabel               | Hughes                         | 621              | Oak Park          | Boulevard       | Suite 150       | Red Hill       | Reagan County        | TX       | 74338      | United States | -6.00         | apartment            | 1861.72          |
| AAAAAAAAGCGDBAAA | Mr.          | Jeffery              | Nolan                          | 63               | 1st Oak           | Drive           | Suite O         | Lakewood       | Bee County           | TX       | 78877      | United States | -6.00         | condo                | 1742.43          |
| AAAAAAAAGFIBBAAA | Dr.          | Rosa                 | Pritchard                      | 143              | Lee Dogwood       | Blvd            | Suite 270       | Plainview      | Johnson County       | TX       | 73683      | United States | -6.00         | condo                | 2027.28          |
| AAAAAAAAGIKMAAAA | Miss         | Emma                 | Wood                           | 451              | 2nd               | Circle          | Suite 10        | Pleasant Hill  | Rusk County          | TX       | 73604      | United States | -6.00         | condo                | 1909.39          |
| AAAAAAAAGJOAAAAA | Ms.          | Jaclyn               | Stein                          | 484              | College 1st       | Circle          | Suite 450       | Lincoln        | San Augustine County | TX       | 71289      | United States | -6.00         | single family        | 3516.87          |
| AAAAAAAAGJPMAAAA |              | Gregory              | Boston                         | 227              | Sunset            | Ln              | Suite U         | Pine Grove     | Lamb County          | TX       | 74593      | United States | -6.00         | apartment            | 2834.83          |
| AAAAAAAAGKIKAAAA | Mr.          | Joseph               | Mccloud                        | 212              | Lake              | Wy              | Suite 0         | Woodland       | San Augustine County | TX       | 74854      | United States | -6.00         | single family        | 8495.11          |
| AAAAAAAAGKPDAAAA | Mr.          | Robert               | Reilly                         | 766              | Fifth Spruce      | Road            | Suite X         | Riverside      | Collin County        | TX       | 79231      | United States | -6.00         | condo                | 5831.53          |
| AAAAAAAAGNDHBAAA | Ms.          | Cecelia              | Asher                          | 585              | Main              | ST              | Suite 450       | Wildwood       | Concho County        | TX       | 76871      | United States | -6.00         | single family        | 5373.88          |
| AAAAAAAAHBBJAAAA | Dr.          | Darla                | Lang                           | 547              | Green             | Circle          | Suite S         | Greenwood      | Reeves County        | TX       | 78828      | United States | -6.00         | apartment            | 1932.12          |
| AAAAAAAAHBCCBAAA | Dr.          | Cary                 | Davis                          | 786              | North             | Ave             | Suite Y         | Concord        | Bee County           | TX       | 74107      | United States | -6.00         | single family        | 3030.46          |
| AAAAAAAAHDFIBAAA | Dr.          | Dale                 | Boswell                        | 417              | Walnut Hillcrest  | Circle          | Suite 300       | Brownsville    | Randall County       | TX       | 79310      | United States | -6.00         | apartment            | 4033.38          |
| AAAAAAAAHDGHAAAA | Ms.          | Latasha              | Vaughn                         | 754              | Hill              | Court           | Suite J         | Cedar Grove    | Zavala County        | TX       | 70411      | United States | -6.00         | single family        | 3077.04          |
+------------------+--------------+----------------------+--------------------------------+------------------+-------------------+-----------------+-----------------+----------------+----------------------+----------+------------+---------------+---------------+----------------------+------------------+
Fetched 100 row(s) in 0.36s
