Starting Impala Shell without Kerberos authentication
Opened TCP connection to test4:21000
Connected to test4:21000
Server version: impalad version 3.2.0-cdh6.3.2 RELEASE (build 1bb9836227301b839a32c6bc230e35439d5984ac)
Query: use tpc_test
Query: with ssci as (
select ss_customer_sk customer_sk
,ss_item_sk item_sk
from store_sales,date_dim
where ss_sold_date_sk = d_date_sk
and d_month_seq between 1211 and 1211 + 11
group by ss_customer_sk
,ss_item_sk),
csci as(
select cs_bill_customer_sk customer_sk
,cs_item_sk item_sk
from catalog_sales,date_dim
where cs_sold_date_sk = d_date_sk
and d_month_seq between 1211 and 1211 + 11
group by cs_bill_customer_sk
,cs_item_sk)
select  sum(case when ssci.customer_sk is not null and csci.customer_sk is null then 1 else 0 end) store_only
,sum(case when ssci.customer_sk is null and csci.customer_sk is not null then 1 else 0 end) catalog_only
,sum(case when ssci.customer_sk is not null and csci.customer_sk is not null then 1 else 0 end) store_and_catalog
from ssci full outer join csci on (ssci.customer_sk=csci.customer_sk
and ssci.item_sk = csci.item_sk)
limit 100
Query submitted at: 2020-06-10 02:21:24 (Coordinator: http://test4:25000)
Query progress can be monitored at: http://test4:25000/query_plan?query_id=79495679a4fffa49:051bbc7600000000
+------------+--------------+-------------------+
| store_only | catalog_only | store_and_catalog |
+------------+--------------+-------------------+
| 532637     | 285272       | 143               |
+------------+--------------+-------------------+
Fetched 1 row(s) in 0.54s
