Starting Impala Shell without Kerberos authentication
Opened TCP connection to test4:21000
Connected to test4:21000
Server version: impalad version 3.2.0-cdh6.3.2 RELEASE (build 1bb9836227301b839a32c6bc230e35439d5984ac)
Query: use tpc_test
Query: with ss as (
select i_item_id,sum(ss_ext_sales_price) total_sales
from
store_sales,
date_dim,
customer_address,
item
where i_item_id in (select
i_item_id
from item
where i_color in ('powder','goldenrod','bisque'))
and     ss_item_sk              = i_item_sk
and     ss_sold_date_sk         = d_date_sk
and     d_year                  = 1998
and     d_moy                   = 5
and     ss_addr_sk              = ca_address_sk
and     ca_gmt_offset           = -5
group by i_item_id),
cs as (
select i_item_id,sum(cs_ext_sales_price) total_sales
from
catalog_sales,
date_dim,
customer_address,
item
where
i_item_id               in (select
i_item_id
from item
where i_color in ('powder','goldenrod','bisque'))
and     cs_item_sk              = i_item_sk
and     cs_sold_date_sk         = d_date_sk
and     d_year                  = 1998
and     d_moy                   = 5
and     cs_bill_addr_sk         = ca_address_sk
and     ca_gmt_offset           = -5
group by i_item_id),
ws as (
select i_item_id,sum(ws_ext_sales_price) total_sales
from
web_sales,
date_dim,
customer_address,
item
where
i_item_id               in (select
i_item_id
from item
where i_color in ('powder','goldenrod','bisque'))
and     ws_item_sk              = i_item_sk
and     ws_sold_date_sk         = d_date_sk
and     d_year                  = 1998
and     d_moy                   = 5
and     ws_bill_addr_sk         = ca_address_sk
and     ca_gmt_offset           = -5
group by i_item_id)
select  i_item_id ,sum(total_sales) total_sales
from  (select * from ss
union all
select * from cs
union all
select * from ws) tmp1
group by i_item_id
order by total_sales,
i_item_id
limit 100
Query submitted at: 2020-06-10 02:22:05 (Coordinator: http://test4:25000)
Query progress can be monitored at: http://test4:25000/query_plan?query_id=9a4c51d285767a10:fe4a6ad600000000
Fetched 0 row(s) in 0.86s
