Starting Impala Shell without Kerberos authentication
Opened TCP connection to test4:21000
Connected to test4:21000
Server version: impalad version 3.2.0-cdh6.3.2 RELEASE (build 1bb9836227301b839a32c6bc230e35439d5984ac)
Query: use tpc_test
Query: select ss_customer_sk
,sum(act_sales) sumsales
from (select ss_item_sk
,ss_ticket_number
,ss_customer_sk
,case when sr_return_quantity is not null then (ss_quantity-sr_return_quantity)*ss_sales_price
else (ss_quantity*ss_sales_price) end act_sales
from store_sales left outer join store_returns on (sr_item_sk = ss_item_sk
and sr_ticket_number = ss_ticket_number)
,reason
where sr_reason_sk = r_reason_sk
and r_reason_desc = 'Did not get it on time') t
group by ss_customer_sk
order by sumsales, ss_customer_sk
limit 100
Query submitted at: 2020-06-10 02:21:38 (Coordinator: http://test4:25000)
Query progress can be monitored at: http://test4:25000/query_plan?query_id=b5460083b2f85bf7:d44a7bca00000000
Fetched 0 row(s) in 0.83s
