Starting Impala Shell without Kerberos authentication
Opened TCP connection to test4:21000
Connected to test4:21000
Server version: impalad version 3.2.0-cdh6.3.2 RELEASE (build 1bb9836227301b839a32c6bc230e35439d5984ac)
Query: use tpc_test
Query: select *
from (select i_manager_id
,sum(ss_sales_price) sum_sales
,avg(sum(ss_sales_price)) over (partition by i_manager_id) avg_monthly_sales
from item
,store_sales
,date_dim
,store
where ss_item_sk = i_item_sk
and ss_sold_date_sk = d_date_sk
and ss_store_sk = s_store_sk
and d_month_seq in (1181,1181+1,1181+2,1181+3,1181+4,1181+5,1181+6,1181+7,1181+8,1181+9,1181+10,1181+11)
and ((    i_category in ('Books','Children','Electronics')
and i_class in ('personal','portable','reference','self-help')
and i_brand in ('scholaramalgamalg #14','scholaramalgamalg #7',
'exportiunivamalg #9','scholaramalgamalg #9'))
or(    i_category in ('Women','Music','Men')
and i_class in ('accessories','classical','fragrances','pants')
and i_brand in ('amalgimporto #1','edu packscholar #1','exportiimporto #1',
'importoamalg #1')))
group by i_manager_id, d_moy) tmp1
where case when avg_monthly_sales > 0 then abs (sum_sales - avg_monthly_sales) / avg_monthly_sales else null end > 0.1
order by i_manager_id
,avg_monthly_sales
,sum_sales
limit 100
Query submitted at: 2020-06-10 02:21:16 (Coordinator: http://test4:25000)
Query progress can be monitored at: http://test4:25000/query_plan?query_id=1446853b0ea938ce:4d89cd9300000000
Fetched 0 row(s) in 0.84s
