Starting Impala Shell without Kerberos authentication
Opened TCP connection to test4:21000
Connected to test4:21000
Server version: impalad version 3.2.0-cdh6.3.2 RELEASE (build 1bb9836227301b839a32c6bc230e35439d5984ac)
Query: use tpc_test
Query: with customer_total_return as
(select sr_customer_sk as ctr_customer_sk
,sr_store_sk as ctr_store_sk
,sum(SR_RETURN_AMT_INC_TAX) as ctr_total_return
from store_returns
,date_dim
where sr_returned_date_sk = d_date_sk
and d_year =1999
group by sr_customer_sk
,sr_store_sk)
select  c_customer_id
from customer_total_return ctr1
,store
,customer
where ctr1.ctr_total_return > (select avg(ctr_total_return)*1.2
from customer_total_return ctr2
where ctr1.ctr_store_sk = ctr2.ctr_store_sk)
and s_store_sk = ctr1.ctr_store_sk
and s_state = 'TN'
and ctr1.ctr_customer_sk = c_customer_sk
order by c_customer_id
limit 100
Query submitted at: 2020-06-10 02:22:25 (Coordinator: http://test4:25000)
Query progress can be monitored at: http://test4:25000/query_plan?query_id=9148ee276ea03f5d:2cb2c3aa00000000
+------------------+
| c_customer_id    |
+------------------+
| AAAAAAAAAAABBAAA |
| AAAAAAAAAAADAAAA |
| AAAAAAAAAAADBAAA |
| AAAAAAAAAAAHBAAA |
| AAAAAAAAAAAIAAAA |
| AAAAAAAAAABEBAAA |
| AAAAAAAAAABEBAAA |
| AAAAAAAAAABNAAAA |
| AAAAAAAAAACIAAAA |
| AAAAAAAAAACIAAAA |
| AAAAAAAAAACJAAAA |
| AAAAAAAAAACLAAAA |
| AAAAAAAAAACNAAAA |
| AAAAAAAAAACPAAAA |
| AAAAAAAAAADCBAAA |
| AAAAAAAAAADFAAAA |
| AAAAAAAAAAEGAAAA |
| AAAAAAAAAAEHBAAA |
| AAAAAAAAAAEJAAAA |
| AAAAAAAAAAFBBAAA |
| AAAAAAAAAAFGAAAA |
| AAAAAAAAAAFGAAAA |
| AAAAAAAAAAFNAAAA |
| AAAAAAAAAAGLAAAA |
| AAAAAAAAAAHEBAAA |
| AAAAAAAAAAHJAAAA |
| AAAAAAAAAAHMAAAA |
| AAAAAAAAAAIDAAAA |
| AAAAAAAAAAIKAAAA |
| AAAAAAAAAAINAAAA |
| AAAAAAAAAAINAAAA |
| AAAAAAAAAAJAAAAA |
| AAAAAAAAAAJABAAA |
| AAAAAAAAAAJBAAAA |
| AAAAAAAAAAJCBAAA |
| AAAAAAAAAAJEBAAA |
| AAAAAAAAAAJLAAAA |
| AAAAAAAAAAKCBAAA |
| AAAAAAAAAAKDAAAA |
| AAAAAAAAAAKDAAAA |
| AAAAAAAAAAKEAAAA |
| AAAAAAAAAAKEBAAA |
| AAAAAAAAAAKFBAAA |
| AAAAAAAAAAKFBAAA |
| AAAAAAAAAAKJAAAA |
| AAAAAAAAAAKLAAAA |
| AAAAAAAAAALDAAAA |
| AAAAAAAAAALDBAAA |
| AAAAAAAAAAMBBAAA |
| AAAAAAAAAAMMAAAA |
| AAAAAAAAAANDBAAA |
| AAAAAAAAAANEBAAA |
| AAAAAAAAAANGAAAA |
| AAAAAAAAAAOBBAAA |
| AAAAAAAAAAOBBAAA |
| AAAAAAAAAAOEBAAA |
| AAAAAAAAAAONAAAA |
| AAAAAAAAAAPIAAAA |
| AAAAAAAAAAPOAAAA |
| AAAAAAAAABABBAAA |
| AAAAAAAAABBCBAAA |
| AAAAAAAAABBGBAAA |
| AAAAAAAAABBHAAAA |
| AAAAAAAAABBIAAAA |
| AAAAAAAAABBPAAAA |
| AAAAAAAAABCFBAAA |
| AAAAAAAAABCKAAAA |
| AAAAAAAAABCKAAAA |
| AAAAAAAAABDCAAAA |
| AAAAAAAAABDHAAAA |
| AAAAAAAAABEBAAAA |
| AAAAAAAAABEEAAAA |
| AAAAAAAAABEGBAAA |
| AAAAAAAAABEIAAAA |
| AAAAAAAAABEIAAAA |
| AAAAAAAAABEMAAAA |
| AAAAAAAAABFIBAAA |
| AAAAAAAAABGEBAAA |
| AAAAAAAAABGJAAAA |
| AAAAAAAAABHDAAAA |
| AAAAAAAAABHMAAAA |
| AAAAAAAAABHOAAAA |
| AAAAAAAAABIAAAAA |
| AAAAAAAAABIDAAAA |
| AAAAAAAAABIEBAAA |
| AAAAAAAAABIFBAAA |
| AAAAAAAAABIHBAAA |
| AAAAAAAAABJAAAAA |
| AAAAAAAAABJEAAAA |
| AAAAAAAAABJEAAAA |
| AAAAAAAAABJEBAAA |
| AAAAAAAAABJGBAAA |
| AAAAAAAAABJIAAAA |
| AAAAAAAAABKBAAAA |
| AAAAAAAAABKCBAAA |
| AAAAAAAAABKDAAAA |
| AAAAAAAAABKDBAAA |
| AAAAAAAAABKEBAAA |
| AAAAAAAAABLABAAA |
| AAAAAAAAABLBBAAA |
+------------------+
Fetched 100 row(s) in 1.28s
