Starting Impala Shell without Kerberos authentication
Opened TCP connection to test4:21000
Connected to test4:21000
Server version: impalad version 3.2.0-cdh6.3.2 RELEASE (build 1bb9836227301b839a32c6bc230e35439d5984ac)
Query: use tpc_test
Query: with year_total as (
select c_customer_id customer_id
,c_first_name customer_first_name
,c_last_name customer_last_name
,d_year as year
,stddev_samp(ss_net_paid) year_total
,'s' sale_type
from customer
,store_sales
,date_dim
where c_customer_sk = ss_customer_sk
and ss_sold_date_sk = d_date_sk
and d_year in (2001,2001+1)
group by c_customer_id
,c_first_name
,c_last_name
,d_year
union all
select c_customer_id customer_id
,c_first_name customer_first_name
,c_last_name customer_last_name
,d_year as year
,stddev_samp(ws_net_paid) year_total
,'w' sale_type
from customer
,web_sales
,date_dim
where c_customer_sk = ws_bill_customer_sk
and ws_sold_date_sk = d_date_sk
and d_year in (2001,2001+1)
group by c_customer_id
,c_first_name
,c_last_name
,d_year
)
select
t_s_secyear.customer_id, t_s_secyear.customer_first_name, t_s_secyear.customer_last_name
from year_total t_s_firstyear
,year_total t_s_secyear
,year_total t_w_firstyear
,year_total t_w_secyear
where t_s_secyear.customer_id = t_s_firstyear.customer_id
and t_s_firstyear.customer_id = t_w_secyear.customer_id
and t_s_firstyear.customer_id = t_w_firstyear.customer_id
and t_s_firstyear.sale_type = 's'
and t_w_firstyear.sale_type = 'w'
and t_s_secyear.sale_type = 's'
and t_w_secyear.sale_type = 'w'
and t_s_firstyear.year = 2001
and t_s_secyear.year = 2001+1
and t_w_firstyear.year = 2001
and t_w_secyear.year = 2001+1
and t_s_firstyear.year_total > 0
and t_w_firstyear.year_total > 0
and case when t_w_firstyear.year_total > 0 then t_w_secyear.year_total / t_w_firstyear.year_total else null end
> case when t_s_firstyear.year_total > 0 then t_s_secyear.year_total / t_s_firstyear.year_total else null end
order by 3,2,1
limit 100
Query submitted at: 2020-06-10 02:21:58 (Coordinator: http://test4:25000)
Query progress can be monitored at: http://test4:25000/query_plan?query_id=8a4f3af59f68de8e:02fb63c900000000
+------------------+----------------------+--------------------------------+
| customer_id      | customer_first_name  | customer_last_name             |
+------------------+----------------------+--------------------------------+
| AAAAAAAAABCPAAAA |                      |                                |
| AAAAAAAAFHACBAAA |                      |                                |
| AAAAAAAAOCLBBAAA |                      |                                |
| AAAAAAAAIADEBAAA | Diane                | Aldridge                       |
| AAAAAAAALIOPAAAA | Derek                | Allen                          |
| AAAAAAAALDDMAAAA | Edna                 | Ashley                         |
| AAAAAAAAIBHHAAAA | Jennifer             | Ballard                        |
| AAAAAAAAANFAAAAA | Philip               | Banks                          |
| AAAAAAAAPDFBAAAA | Terrance             | Banks                          |
| AAAAAAAAHMJNAAAA | Ryan                 | Baptiste                       |
| AAAAAAAAKBCABAAA | Debra                | Bell                           |
| AAAAAAAAHJLAAAAA | Audrey               | Beltran                        |
| AAAAAAAAEOAKAAAA | Molly                | Benjamin                       |
| AAAAAAAAJEKFBAAA | Norma                | Burkholder                     |
| AAAAAAAAKHPKAAAA | Michael              | Campbell                       |
| AAAAAAAAEKJLAAAA | Aisha                | Carlson                        |
| AAAAAAAADIIOAAAA | David                | Carroll                        |
| AAAAAAAAKLHHBAAA | Manuel               | Castaneda                      |
| AAAAAAAAFOJAAAAA | Don                  | Castillo                       |
| AAAAAAAAEKFPAAAA | Annika               | Chin                           |
| AAAAAAAAPICEAAAA | Jennifer             | Cortez                         |
| AAAAAAAADFKABAAA | Latoya               | Craft                          |
| AAAAAAAAIJEMAAAA | Charlie              | Cummings                       |
| AAAAAAAAFMHIAAAA | Emilio               | Darling                        |
| AAAAAAAAKJBLAAAA | Kerry                | Davis                          |
| AAAAAAAACFENAAAA | Christopher          | Dawson                         |
| AAAAAAAAKKGEAAAA | Katie                | Dunbar                         |
| AAAAAAAANFBDBAAA | Vernice              | Fernandez                      |
| AAAAAAAAKOAFBAAA | James                | Fisher                         |
| AAAAAAAALJNCBAAA | George               | Gamez                          |
| AAAAAAAAGFMDBAAA | Kathleen             | Gibson                         |
| AAAAAAAADCKOAAAA | Robert               | Gonzalez                       |
| AAAAAAAAIBFCBAAA | Ruth                 | Grantham                       |
| AAAAAAAAMFFLAAAA | Margret              | Gray                           |
| AAAAAAAAFOGIAAAA | Michelle             | Greene                         |
| AAAAAAAANJAMAAAA | Thaddeus             | Griffin                        |
| AAAAAAAAJIALAAAA | Santos               | Gutierrez                      |
| AAAAAAAAMDCAAAAA | Louann               | Hamel                          |
| AAAAAAAAAMGDAAAA | Kenneth              | Harlan                         |
| AAAAAAAAGAACAAAA | David                | Haskins                        |
| AAAAAAAAHMOIAAAA | Grace                | Henderson                      |
| AAAAAAAAFMGHAAAA | Patsy                | Holmes                         |
| AAAAAAAANJAGAAAA | Allen                | Hood                           |
| AAAAAAAABDIMAAAA | Earl                 | Hopkins                        |
| AAAAAAAAPKIKAAAA | Wendy                | Horvath                        |
| AAAAAAAANGDBBAAA | Carlos               | Jewell                         |
| AAAAAAAAFIEFBAAA | Nelly                | Jones                          |
| AAAAAAAAJKBNAAAA | Julie                | Kern                           |
| AAAAAAAACJDIAAAA | James                | Kerr                           |
| AAAAAAAAIMHBAAAA | Kathy                | Knowles                        |
| AAAAAAAANIPLAAAA | Eric                 | Lawrence                       |
| AAAAAAAANOHMAAAA | Regina               | Lott                           |
| AAAAAAAANGCJAAAA | Fay                  | Mack                           |
| AAAAAAAAICHFAAAA | Linda                | Mccoy                          |
| AAAAAAAAGNDAAAAA | Terry                | Mcdowell                       |
| AAAAAAAAOJDBBAAA | Marilyn              | Mcqueen                        |
| AAAAAAAAGHPBBAAA | Nick                 | Mendez                         |
| AAAAAAAAKOJJAAAA | Gracie               | Mendoza                        |
| AAAAAAAAFGIGAAAA | Eduardo              | Miller                         |
| AAAAAAAALFKKAAAA | Ignacio              | Miller                         |
| AAAAAAAAFACEAAAA | Priscilla            | Miller                         |
| AAAAAAAAGEHIAAAA | Tyler                | Miller                         |
| AAAAAAAAPEHEBAAA | Edith                | Molina                         |
| AAAAAAAALHMCAAAA | Brooke               | Nelson                         |
| AAAAAAAAPFCLAAAA | Felicia              | Neville                        |
| AAAAAAAAJONHBAAA | Warren               | Orozco                         |
| AAAAAAAAICIIAAAA | Benita               | Pappas                         |
| AAAAAAAAOPDLAAAA | Ann                  | Pence                          |
| AAAAAAAAOCICAAAA | Zachary              | Pennington                     |
| AAAAAAAAIEKGAAAA | Virginia             | Poirier                        |
| AAAAAAAAFJHFAAAA | Larissa              | Roy                            |
| AAAAAAAACFCGBAAA | Marcus               | Sanders                        |
| AAAAAAAADIJGBAAA | Ruth                 | Sanders                        |
| AAAAAAAANJHCBAAA | Christopher          | Schreiber                      |
| AAAAAAAABNBBAAAA | Irma                 | Smith                          |
| AAAAAAAAMMOBBAAA | Margaret             | Smith                          |
| AAAAAAAAOCAJAAAA | Jenna                | Staton                         |
| AAAAAAAAOFLCAAAA | James                | Taylor                         |
| AAAAAAAACADPAAAA | Cristobal            | Thomas                         |
| AAAAAAAACIJMAAAA | Elizabeth            | Thomas                         |
| AAAAAAAAFGPGAAAA | Albert               | Wadsworth                      |
| AAAAAAAABLEIBAAA | Paula                | Wakefield                      |
| AAAAAAAAEDIABAAA | Robert               | Wall                           |
| AAAAAAAAHGOABAAA | Sonia                | White                          |
| AAAAAAAAGNLHBAAA | Alexander            | Williams                       |
| AAAAAAAAKANMAAAA | Erik                 | Williams                       |
| AAAAAAAAHFPAAAAA | Jacqueline           | Williams                       |
| AAAAAAAAFBAHAAAA | Michael              | Williams                       |
| AAAAAAAAPPHBAAAA | Gregory              | Williamson                     |
| AAAAAAAAHNFHAAAA | Rebecca              | Wilson                         |
| AAAAAAAAIBAEBAAA | Sandra               | Wilson                         |
| AAAAAAAAEJDLAAAA | Alice                | Wright                         |
+------------------+----------------------+--------------------------------+
Fetched 92 row(s) in 1.42s
