Starting Impala Shell without Kerberos authentication
Opened TCP connection to test4:21000
Connected to test4:21000
Server version: impalad version 3.2.0-cdh6.3.2 RELEASE (build 1bb9836227301b839a32c6bc230e35439d5984ac)
Query: use tpc_test
Query: select i_item_id
,i_item_desc
,s_store_id
,s_store_name
,stddev_samp(ss_quantity)        as store_sales_quantity
,stddev_samp(sr_return_quantity) as store_returns_quantity
,stddev_samp(cs_quantity)        as catalog_sales_quantity
from
store_sales
,store_returns
,catalog_sales
,date_dim             d1
,date_dim             d2
,date_dim             d3
,store
,item
where
d1.d_moy               = 4
and d1.d_year              = 1999
and d1.d_date_sk           = ss_sold_date_sk
and i_item_sk              = ss_item_sk
and s_store_sk             = ss_store_sk
and ss_customer_sk         = sr_customer_sk
and ss_item_sk             = sr_item_sk
and ss_ticket_number       = sr_ticket_number
and sr_returned_date_sk    = d2.d_date_sk
and d2.d_moy               between 4 and  4 + 3
and d2.d_year              = 1999
and sr_customer_sk         = cs_bill_customer_sk
and sr_item_sk             = cs_item_sk
and cs_sold_date_sk        = d3.d_date_sk
and d3.d_year              in (1999,1999+1,1999+2)
group by
i_item_id
,i_item_desc
,s_store_id
,s_store_name
order by
i_item_id
,i_item_desc
,s_store_id
,s_store_name
limit 100
Query submitted at: 2020-06-10 02:21:39 (Coordinator: http://test4:25000)
Query progress can be monitored at: http://test4:25000/query_plan?query_id=684f08e34328cd4f:0f83cd6b00000000
Fetched 0 row(s) in 0.84s
