Starting Impala Shell without Kerberos authentication
Opened TCP connection to test4:21000
Connected to test4:21000
Server version: impalad version 3.2.0-cdh6.3.2 RELEASE (build 1bb9836227301b839a32c6bc230e35439d5984ac)
Query: use tpc_test
Query: SELECT * FROM ext_call_center           limit 2
Query submitted at: 2020-06-10 02:14:32 (Coordinator: http://test4:25000)
Query progress can be monitored at: http://test4:25000/query_plan?query_id=f342bd34b3c67fe3:5a01574b00000000
+-------------------+-------------------+---------------------+---------------------+-------------------+-----------------+--------------+----------+--------------+----------+----------------------+----------------+-----------+----------------------------------------------------+------------------------------------------------------------------+-------------------+-------------+------------------+------------+----------------------------------------------------+------------------+----------------+-----------------+-----------------+---------+-------------------+----------+------------+---------------+---------------+-------------------+
| cc_call_center_sk | cc_call_center_id | cc_rec_start_date   | cc_rec_end_date     | cc_closed_date_sk | cc_open_date_sk | cc_name      | cc_class | cc_employees | cc_sq_ft | cc_hours             | cc_manager     | cc_mkt_id | cc_mkt_class                                       | cc_mkt_desc                                                      | cc_market_manager | cc_division | cc_division_name | cc_company | cc_company_name                                    | cc_street_number | cc_street_name | cc_street_type  | cc_suite_number | cc_city | cc_county         | cc_state | cc_zip     | cc_country    | cc_gmt_offset | cc_tax_percentage |
+-------------------+-------------------+---------------------+---------------------+-------------------+-----------------+--------------+----------+--------------+----------+----------------------+----------------+-----------+----------------------------------------------------+------------------------------------------------------------------+-------------------+-------------+------------------+------------+----------------------------------------------------+------------------+----------------+-----------------+-----------------+---------+-------------------+----------+------------+---------------+---------------+-------------------+
| 1                 | AAAAAAAABAAAAAAA  | 1998-01-01 00:00:00 | NULL                | NULL              | 2450952         | NY Metro     | large    | 2            | 1138     | 8AM-4PM              | Bob Belcher    | 6         | More than other authori                            | Shared others could not count fully dollars. New members ca      | Julius Tran       | 3           | pri              | 6          | cally                                              | 730              | Ash Hill       | Boulevard       | Suite 0         | Midway  | Williamson County | TN       | 31904      | United States | -5.00         | 0.11              |
| 2                 | AAAAAAAACAAAAAAA  | 1998-01-01 00:00:00 | 2000-12-31 00:00:00 | NULL              | 2450806         | Mid Atlantic | medium   | 6            | 2268     | 8AM-8AM              | Felipe Perkins | 2         | A bit narrow forms matter animals. Consist         | Largely blank years put substantially deaf, new others. Question | Julius Durham     | 5           | anti             | 1          | ought                                              | 984              | Center Hill    | Way             | Suite 70        | Midway  | Williamson County | TN       | 31904      | United States | -5.00         | 0.12              |
+-------------------+-------------------+---------------------+---------------------+-------------------+-----------------+--------------+----------+--------------+----------+----------------------+----------------+-----------+----------------------------------------------------+------------------------------------------------------------------+-------------------+-------------+------------------+------------+----------------------------------------------------+------------------+----------------+-----------------+-----------------+---------+-------------------+----------+------------+---------------+---------------+-------------------+
Fetched 2 row(s) in 0.12s
Query: SELECT * FROM ext_catalog_page          limit 2
Query submitted at: 2020-06-10 02:14:32 (Coordinator: http://test4:25000)
Query progress can be monitored at: http://test4:25000/query_plan?query_id=674bae1d65de3426:92a658f800000000
+--------------------+--------------------+------------------+----------------+---------------+-------------------+------------------------+----------------------------------------------------------------------------------------------+-----------+
| cp_catalog_page_sk | cp_catalog_page_id | cp_start_date_sk | cp_end_date_sk | cp_department | cp_catalog_number | cp_catalog_page_number | cp_description                                                                               | cp_type   |
+--------------------+--------------------+------------------+----------------+---------------+-------------------+------------------------+----------------------------------------------------------------------------------------------+-----------+
| 1                  | AAAAAAAABAAAAAAA   | 2450815          | 2450996        | DEPARTMENT    | 1                 | 1                      | In general basic characters welcome. Clearly lively friends conv                             | bi-annual |
| 2                  | AAAAAAAACAAAAAAA   | 2450815          | 2450996        | DEPARTMENT    | 1                 | 2                      | English areas will leave prisoners. Too public countries ought to become beneath the years.  | bi-annual |
+--------------------+--------------------+------------------+----------------+---------------+-------------------+------------------------+----------------------------------------------------------------------------------------------+-----------+
Fetched 2 row(s) in 0.11s
Query: SELECT * FROM ext_catalog_returns       limit 2
Query submitted at: 2020-06-10 02:14:32 (Coordinator: http://test4:25000)
Query progress can be monitored at: http://test4:25000/query_plan?query_id=a34253bcb303e542:7874411500000000
+---------------------+---------------------+------------+-------------------------+----------------------+----------------------+---------------------+--------------------------+-----------------------+-----------------------+----------------------+-------------------+--------------------+-----------------+-----------------+--------------+-----------------+--------------------+------------------+---------------+-----------------------+--------+---------------------+------------------+--------------------+-----------------+-------------+
| cr_returned_date_sk | cr_returned_time_sk | cr_item_sk | cr_refunded_customer_sk | cr_refunded_cdemo_sk | cr_refunded_hdemo_sk | cr_refunded_addr_sk | cr_returning_customer_sk | cr_returning_cdemo_sk | cr_returning_hdemo_sk | cr_returning_addr_sk | cr_call_center_sk | cr_catalog_page_sk | cr_ship_mode_sk | cr_warehouse_sk | cr_reason_sk | cr_order_number | cr_return_quantity | cr_return_amount | cr_return_tax | cr_return_amt_inc_tax | cr_fee | cr_return_ship_cost | cr_refunded_cash | cr_reversed_charge | cr_store_credit | cr_net_loss |
+---------------------+---------------------+------------+-------------------------+----------------------+----------------------+---------------------+--------------------------+-----------------------+-----------------------+----------------------+-------------------+--------------------+-----------------+-----------------+--------------+-----------------+--------------------+------------------+---------------+-----------------------+--------+---------------------+------------------+--------------------+-----------------+-------------+
| 2450926             | 45816               | 17368      | 14601                   | 797995               | 6189                 | 9583                | 14601                    | 797995                | 4703                  | 9583                 | 1                 | 106                | 2               | 2               | 30           | 2               | 47                 | 3888.31          | 233.29        | 4121.60               | 91.23  | 1348.90             | 3577.24          | 186.64             | 124.43          | 1673.42     |
| 2450946             | 74710               | 6295       | 14601                   | 797995               | 6189                 | 9583                | 82809                    | 665550                | 991                   | 14832                | 1                 | 17                 | 2               | 5               | 6            | 2               | 49                 | 2490.18          | 99.60         | 2589.78               | 52.54  | 1867.39             | 323.72           | 931.57             | 1234.89         | 2019.53     |
+---------------------+---------------------+------------+-------------------------+----------------------+----------------------+---------------------+--------------------------+-----------------------+-----------------------+----------------------+-------------------+--------------------+-----------------+-----------------+--------------+-----------------+--------------------+------------------+---------------+-----------------------+--------+---------------------+------------------+--------------------+-----------------+-------------+
Fetched 2 row(s) in 0.11s
Query: SELECT * FROM ext_catalog_sales         limit 2
Query submitted at: 2020-06-10 02:14:32 (Coordinator: http://test4:25000)
Query progress can be monitored at: http://test4:25000/query_plan?query_id=cc403c2a13c23caf:8a03851200000000
+-----------------+-----------------+-----------------+---------------------+------------------+------------------+-----------------+---------------------+------------------+------------------+-----------------+-------------------+--------------------+-----------------+-----------------+------------+-------------+-----------------+-------------+-------------------+---------------+----------------+---------------------+--------------------+-----------------------+-------------------+------------+---------------+------------------+-------------+---------------------+----------------------+--------------------------+---------------+
| cs_sold_date_sk | cs_sold_time_sk | cs_ship_date_sk | cs_bill_customer_sk | cs_bill_cdemo_sk | cs_bill_hdemo_sk | cs_bill_addr_sk | cs_ship_customer_sk | cs_ship_cdemo_sk | cs_ship_hdemo_sk | cs_ship_addr_sk | cs_call_center_sk | cs_catalog_page_sk | cs_ship_mode_sk | cs_warehouse_sk | cs_item_sk | cs_promo_sk | cs_order_number | cs_quantity | cs_wholesale_cost | cs_list_price | cs_sales_price | cs_ext_discount_amt | cs_ext_sales_price | cs_ext_wholesale_cost | cs_ext_list_price | cs_ext_tax | cs_coupon_amt | cs_ext_ship_cost | cs_net_paid | cs_net_paid_inc_tax | cs_net_paid_inc_ship | cs_net_paid_inc_ship_tax | cs_net_profit |
+-----------------+-----------------+-----------------+---------------------+------------------+------------------+-----------------+---------------------+------------------+------------------+-----------------+-------------------+--------------------+-----------------+-----------------+------------+-------------+-----------------+-------------+-------------------+---------------+----------------+---------------------+--------------------+-----------------------+-------------------+------------+---------------+------------------+-------------+---------------------+----------------------+--------------------------+---------------+
| 2450815         | 38212           | 2450886         | 62153               | 1822764          | 5775             | 19986           | 62153               | 1822764          | 5775             | 19986           | 4                 | 62                 | 3               | 4               | 16930      | 196         | 1               | 47          | 27.70             | 44.32         | 42.99          | 62.51               | 2020.53            | 1301.90               | 2083.04           | 101.02     | 0.00          | 1041.52          | 2020.53     | 2121.55             | 3062.05              | 3163.07                  | 718.63        |
| 2450815         | 38212           | 2450846         | 62153               | 1822764          | 5775             | 19986           | 62153               | 1822764          | 5775             | 19986           | 4                 | 31                 | 8               | 2               | 6020       | 270         | 1               | 20          | 87.55             | 260.89        | 153.92         | 2139.40             | 3078.40            | 1751.00               | 5217.80           | 71.41      | 1292.92       | 1356.60          | 1785.48     | 1856.89             | 3142.08              | 3213.49                  | 34.48         |
+-----------------+-----------------+-----------------+---------------------+------------------+------------------+-----------------+---------------------+------------------+------------------+-----------------+-------------------+--------------------+-----------------+-----------------+------------+-------------+-----------------+-------------+-------------------+---------------+----------------+---------------------+--------------------+-----------------------+-------------------+------------+---------------+------------------+-------------+---------------------+----------------------+--------------------------+---------------+
Fetched 2 row(s) in 0.15s
Query: SELECT * FROM ext_customer              limit 2
Query submitted at: 2020-06-10 02:14:32 (Coordinator: http://test4:25000)
Query progress can be monitored at: http://test4:25000/query_plan?query_id=cd44cb5b4255dda6:f8df33ff00000000
+---------------+------------------+--------------------+--------------------+-------------------+------------------------+-----------------------+--------------+----------------------+--------------------------------+-----------------------+-------------+---------------+--------------+-----------------+---------------+----------------------------------------------------+--------------------+
| c_customer_sk | c_customer_id    | c_current_cdemo_sk | c_current_hdemo_sk | c_current_addr_sk | c_first_shipto_date_sk | c_first_sales_date_sk | c_salutation | c_first_name         | c_last_name                    | c_preferred_cust_flag | c_birth_day | c_birth_month | c_birth_year | c_birth_country | c_login       | c_email_address                                    | c_last_review_date |
+---------------+------------------+--------------------+--------------------+-------------------+------------------------+-----------------------+--------------+----------------------+--------------------------------+-----------------------+-------------+---------------+--------------+-----------------+---------------+----------------------------------------------------+--------------------+
| 1             | AAAAAAAABAAAAAAA | 980124             | 7135               | 32946             | 2452238                | 2452208               | Mr.          | Javier               | Lewis                          | Y                     | 9           | 12            | 1936         | CHILE           |               | Javier.Lewis@VFAxlnZEvOx.org                       | 2452508            |
| 2             | AAAAAAAACAAAAAAA | 819667             | 1461               | 31655             | 2452318                | 2452288               | Dr.          | Amy                  | Moses                          | Y                     | 9           | 4             | 1966         | TOGO            |               | Amy.Moses@Ovk9KjHH.com                             | 2452318            |
+---------------+------------------+--------------------+--------------------+-------------------+------------------------+-----------------------+--------------+----------------------+--------------------------------+-----------------------+-------------+---------------+--------------+-----------------+---------------+----------------------------------------------------+--------------------+
Fetched 2 row(s) in 0.11s
Query: SELECT * FROM ext_customer_address      limit 2
Query submitted at: 2020-06-10 02:14:32 (Coordinator: http://test4:25000)
Query progress can be monitored at: http://test4:25000/query_plan?query_id=b44cd714d9ac6ba5:b4984a0d00000000
+---------------+------------------+------------------+----------------+-----------------+-----------------+-----------+-----------------+----------+------------+---------------+---------------+----------------------+
| ca_address_sk | ca_address_id    | ca_street_number | ca_street_name | ca_street_type  | ca_suite_number | ca_city   | ca_county       | ca_state | ca_zip     | ca_country    | ca_gmt_offset | ca_location_type     |
+---------------+------------------+------------------+----------------+-----------------+-----------------+-----------+-----------------+----------+------------+---------------+---------------+----------------------+
| 1             | AAAAAAAABAAAAAAA | 18               | Jackson        | Parkway         | Suite 280       | Fairfield | Maricopa County | AZ       | 86192      | United States | -7.00         | condo                |
| 2             | AAAAAAAACAAAAAAA | 362              | Washington 6th | RD              | Suite 80        | Fairview  | Taos County     | NM       | 85709      | United States | -7.00         | condo                |
+---------------+------------------+------------------+----------------+-----------------+-----------------+-----------+-----------------+----------+------------+---------------+---------------+----------------------+
Fetched 2 row(s) in 0.11s
Query: SELECT * FROM ext_customer_demographics limit 2
Query submitted at: 2020-06-10 02:14:32 (Coordinator: http://test4:25000)
Query progress can be monitored at: http://test4:25000/query_plan?query_id=03486d5596dca725:92ce966400000000
+------------+-----------+-------------------+----------------------+----------------------+------------------+--------------+-----------------------+----------------------+
| cd_demo_sk | cd_gender | cd_marital_status | cd_education_status  | cd_purchase_estimate | cd_credit_rating | cd_dep_count | cd_dep_employed_count | cd_dep_college_count |
+------------+-----------+-------------------+----------------------+----------------------+------------------+--------------+-----------------------+----------------------+
| 1          | M         | M                 | Primary              | 500                  | Good             | 0            | 0                     | 0                    |
| 2          | F         | M                 | Primary              | 500                  | Good             | 0            | 0                     | 0                    |
+------------+-----------+-------------------+----------------------+----------------------+------------------+--------------+-----------------------+----------------------+
Fetched 2 row(s) in 0.11s
Query: SELECT * FROM ext_date_dim              limit 2
Query submitted at: 2020-06-10 02:14:33 (Coordinator: http://test4:25000)
Query progress can be monitored at: http://test4:25000/query_plan?query_id=ef451a88273a9cf0:edc1ea6d00000000
+-----------+------------------+---------------------+-------------+------------+---------------+--------+-------+-------+-------+-------+-----------+------------------+---------------+------------+----------------+-----------+-----------+---------------------+-------------+------------+---------------+---------------+---------------+----------------+-----------------+-------------------+----------------+
| d_date_sk | d_date_id        | d_date              | d_month_seq | d_week_seq | d_quarter_seq | d_year | d_dow | d_moy | d_dom | d_qoy | d_fy_year | d_fy_quarter_seq | d_fy_week_seq | d_day_name | d_quarter_name | d_holiday | d_weekend | d_following_holiday | d_first_dom | d_last_dom | d_same_day_ly | d_same_day_lq | d_current_day | d_current_week | d_current_month | d_current_quarter | d_current_year |
+-----------+------------------+---------------------+-------------+------------+---------------+--------+-------+-------+-------+-------+-----------+------------------+---------------+------------+----------------+-----------+-----------+---------------------+-------------+------------+---------------+---------------+---------------+----------------+-----------------+-------------------+----------------+
| 2415022   | AAAAAAAAOKJNECAA | 1900-01-02 00:00:00 | 0           | 1          | 1             | 1900   | 1     | 1     | 2     | 1     | 1900      | 1                | 1             | Monday     | 1900Q1         | N         | N         | Y                   | 2415021     | 2415020    | 2414657       | 2414930       | N             | N              | N               | N                 | N              |
| 2415023   | AAAAAAAAPKJNECAA | 1900-01-03 00:00:00 | 0           | 1          | 1             | 1900   | 2     | 1     | 3     | 1     | 1900      | 1                | 1             | Tuesday    | 1900Q1         | N         | N         | N                   | 2415021     | 2415020    | 2414658       | 2414931       | N             | N              | N               | N                 | N              |
+-----------+------------------+---------------------+-------------+------------+---------------+--------+-------+-------+-------+-------+-----------+------------------+---------------+------------+----------------+-----------+-----------+---------------------+-------------+------------+---------------+---------------+---------------+----------------+-----------------+-------------------+----------------+
Fetched 2 row(s) in 0.11s
Query: SELECT * FROM ext_dbgen_version         limit 2
Query submitted at: 2020-06-10 02:14:33 (Coordinator: http://test4:25000)
Query progress can be monitored at: http://test4:25000/query_plan?query_id=3b4ca93db5d14cc2:47c4a2a400000000
+------------+---------------------+----------------+---------------------------------+
| dv_version | dv_create_date      | dv_create_time | dv_cmdline_args                 |
+------------+---------------------+----------------+---------------------------------+
| 2.13.0     | 2020-06-07 00:00:00 | 21:34:53       | -DIR /root/test_datas -SCALE 1  |
+------------+---------------------+----------------+---------------------------------+
Fetched 1 row(s) in 0.11s
Query: SELECT * FROM ext_household_demographics limit 2
Query submitted at: 2020-06-10 02:14:33 (Coordinator: http://test4:25000)
Query progress can be monitored at: http://test4:25000/query_plan?query_id=d04c0adcea1804eb:9174a49000000000
+------------+-------------------+------------------+--------------+------------------+
| hd_demo_sk | hd_income_band_sk | hd_buy_potential | hd_dep_count | hd_vehicle_count |
+------------+-------------------+------------------+--------------+------------------+
| 1          | 2                 | 0-500            | 0            | 0                |
| 2          | 3                 | 0-500            | 0            | 0                |
+------------+-------------------+------------------+--------------+------------------+
Fetched 2 row(s) in 0.11s
Query: SELECT * FROM ext_income_band           limit 2
Query submitted at: 2020-06-10 02:14:33 (Coordinator: http://test4:25000)
Query progress can be monitored at: http://test4:25000/query_plan?query_id=cd48391bcd952a6b:18dae4cb00000000
+-------------------+----------------+----------------+
| ib_income_band_sk | ib_lower_bound | ib_upper_bound |
+-------------------+----------------+----------------+
| 1                 | 0              | 10000          |
| 2                 | 10001          | 20000          |
+-------------------+----------------+----------------+
Fetched 2 row(s) in 0.11s
Query: SELECT * FROM ext_inventory             limit 2
Query submitted at: 2020-06-10 02:14:33 (Coordinator: http://test4:25000)
Query progress can be monitored at: http://test4:25000/query_plan?query_id=864a8853895ce771:0ba8c3cf00000000
+-------------+-------------+------------------+----------------------+
| inv_date_sk | inv_item_sk | inv_warehouse_sk | inv_quantity_on_hand |
+-------------+-------------+------------------+----------------------+
| 2450815     | 1           | 1                | 211                  |
| 2450815     | 2           | 1                | 235                  |
+-------------+-------------+------------------+----------------------+
Fetched 2 row(s) in 0.11s
Query: SELECT * FROM ext_item                  limit 2
Query submitted at: 2020-06-10 02:14:33 (Coordinator: http://test4:25000)
Query progress can be monitored at: http://test4:25000/query_plan?query_id=1e41c8629009add2:009f39f400000000
+-----------+------------------+---------------------+---------------------+------------------------------------------------------------------------------------------------------------------------------------------------------------------------------------------+-----------------+------------------+------------+----------------------------------------------------+------------+----------------------------------------------------+---------------+----------------------------------------------------+---------------+----------------------------------------------------+----------------------+----------------------+----------------------+------------+-------------+--------------+----------------------------------------------------+
| i_item_sk | i_item_id        | i_rec_start_date    | i_rec_end_date      | i_item_desc                                                                                                                                                                              | i_current_price | i_wholesale_cost | i_brand_id | i_brand                                            | i_class_id | i_class                                            | i_category_id | i_category                                         | i_manufact_id | i_manufact                                         | i_size               | i_formulation        | i_color              | i_units    | i_container | i_manager_id | i_product_name                                     |
+-----------+------------------+---------------------+---------------------+------------------------------------------------------------------------------------------------------------------------------------------------------------------------------------------+-----------------+------------------+------------+----------------------------------------------------+------------+----------------------------------------------------+---------------+----------------------------------------------------+---------------+----------------------------------------------------+----------------------+----------------------+----------------------+------------+-------------+--------------+----------------------------------------------------+
| 1         | AAAAAAAABAAAAAAA | 1997-10-27 00:00:00 | NULL                | Powers will not get influences. Electoral ports should show low, annual chains. Now young visitors may pose now however final pages. Bitterly right children suit increasing, leading el | 27.02           | 23.23            | 5003002    | exportischolar #2                                  | 3          | pop                                                | 5             | Music                                              | 52            | ableanti                                           | N/A                  | 3663peru009490160959 | spring               | Tsp        | Unknown     | 6            | ought                                              |
| 2         | AAAAAAAACAAAAAAA | 1997-10-27 00:00:00 | 2000-10-26 00:00:00 | False opportunities would run alone with a views. Early approaches would show inc, european intentions; important, main passages shall know urban,                                       | 1.12            | 0.38             | 1001001    | amalgamalg #1                                      | 1          | dresses                                            | 1             | Women                                              | 294           | esen stable                                        | petite               | 516steel060826230906 | rosy                 | Bunch      | Unknown     | 98           | able                                               |
+-----------+------------------+---------------------+---------------------+------------------------------------------------------------------------------------------------------------------------------------------------------------------------------------------+-----------------+------------------+------------+----------------------------------------------------+------------+----------------------------------------------------+---------------+----------------------------------------------------+---------------+----------------------------------------------------+----------------------+----------------------+----------------------+------------+-------------+--------------+----------------------------------------------------+
Fetched 2 row(s) in 0.12s
Query: SELECT * FROM ext_promotion             limit 2
Query submitted at: 2020-06-10 02:14:33 (Coordinator: http://test4:25000)
Query progress can be monitored at: http://test4:25000/query_plan?query_id=174a40c9c22903c8:53e6cdfc00000000
+------------+------------------+-----------------+---------------+-----------+---------+-------------------+----------------------------------------------------+-----------------+-----------------+-------------------+--------------+-----------------+-----------------+-----------------+----------------+------------------------------------------+-----------------+-------------------+
| p_promo_sk | p_promo_id       | p_start_date_sk | p_end_date_sk | p_item_sk | p_cost  | p_response_target | p_promo_name                                       | p_channel_dmail | p_channel_email | p_channel_catalog | p_channel_tv | p_channel_radio | p_channel_press | p_channel_event | p_channel_demo | p_channel_details                        | p_purpose       | p_discount_active |
+------------+------------------+-----------------+---------------+-----------+---------+-------------------+----------------------------------------------------+-----------------+-----------------+-------------------+--------------+-----------------+-----------------+-----------------+----------------+------------------------------------------+-----------------+-------------------+
| 1          | AAAAAAAABAAAAAAA | 2450164         | 2450185       | 10022     | 1000.00 | 1                 | ought                                              | Y               | N               | N                 | N            | N               | N               | N               | N              | Men will not say merely. Old, available  | Unknown         | N                 |
| 2          | AAAAAAAACAAAAAAA | 2450118         | 2450150       | 2410      | 1000.00 | 1                 | able                                               | Y               | N               | N                 | N            | N               | N               | N               | N              | So willing buildings coul                | Unknown         | N                 |
+------------+------------------+-----------------+---------------+-----------+---------+-------------------+----------------------------------------------------+-----------------+-----------------+-------------------+--------------+-----------------+-----------------+-----------------+----------------+------------------------------------------+-----------------+-------------------+
Fetched 2 row(s) in 0.11s
Query: SELECT * FROM ext_reason                limit 2
Query submitted at: 2020-06-10 02:14:33 (Coordinator: http://test4:25000)
Query progress can be monitored at: http://test4:25000/query_plan?query_id=fb4e36871681d035:073397be00000000
+-------------+------------------+------------------------------------------------------------------------------------------------------+
| r_reason_sk | r_reason_id      | r_reason_desc                                                                                        |
+-------------+------------------+------------------------------------------------------------------------------------------------------+
| 1           | AAAAAAAABAAAAAAA | Package was damaged                                                                                  |
| 2           | AAAAAAAACAAAAAAA | Stopped working                                                                                      |
+-------------+------------------+------------------------------------------------------------------------------------------------------+
Fetched 2 row(s) in 0.11s
Query: SELECT * FROM ext_ship_mode             limit 2
Query submitted at: 2020-06-10 02:14:34 (Coordinator: http://test4:25000)
Query progress can be monitored at: http://test4:25000/query_plan?query_id=ee465a3b3e61c2cd:2973ada300000000
+-----------------+------------------+--------------------------------+------------+----------------------+----------------------+
| sm_ship_mode_sk | sm_ship_mode_id  | sm_type                        | sm_code    | sm_carrier           | sm_contract          |
+-----------------+------------------+--------------------------------+------------+----------------------+----------------------+
| 1               | AAAAAAAABAAAAAAA | EXPRESS                        | AIR        | UPS                  | YvxVaJI10            |
| 2               | AAAAAAAACAAAAAAA | NEXT DAY                       | AIR        | FEDEX                | ldhM8IvpzHgdbBgDfI   |
+-----------------+------------------+--------------------------------+------------+----------------------+----------------------+
Fetched 2 row(s) in 0.11s
Query: SELECT * FROM ext_store                 limit 2
Query submitted at: 2020-06-10 02:14:34 (Coordinator: http://test4:25000)
Query progress can be monitored at: http://test4:25000/query_plan?query_id=6a4a34359a626991:5100292700000000
+------------+------------------+---------------------+---------------------+------------------+--------------+--------------------+---------------+----------------------+--------------+-------------+-------------------+----------------------------------------------------------+------------------+---------------+-----------------+--------------+----------------+-----------------+---------------+-----------------+----------------+--------+-------------------+---------+------------+---------------+--------------+------------------+
| s_store_sk | s_store_id       | s_rec_start_date    | s_rec_end_date      | s_closed_date_sk | s_store_name | s_number_employees | s_floor_space | s_hours              | s_manager    | s_market_id | s_geography_class | s_market_desc                                            | s_market_manager | s_division_id | s_division_name | s_company_id | s_company_name | s_street_number | s_street_name | s_street_type   | s_suite_number | s_city | s_county          | s_state | s_zip      | s_country     | s_gmt_offset | s_tax_precentage |
+------------+------------------+---------------------+---------------------+------------------+--------------+--------------------+---------------+----------------------+--------------+-------------+-------------------+----------------------------------------------------------+------------------+---------------+-----------------+--------------+----------------+-----------------+---------------+-----------------+----------------+--------+-------------------+---------+------------+---------------+--------------+------------------+
| 1          | AAAAAAAABAAAAAAA | 1997-03-13 00:00:00 | NULL                | 2451189          | ought        | 245                | 5250760       | 8AM-4PM              | William Ward | 2           | Unknown           | Enough high areas stop expectations. Elaborate, local is | Charles Bartley  | 1             | Unknown         | 1            | Unknown        | 767             | Spring        | Wy              | Suite 250      | Midway | Williamson County | TN      | 31904      | United States | -5.00        | 0.03             |
| 2          | AAAAAAAACAAAAAAA | 1997-03-13 00:00:00 | 2000-03-12 00:00:00 | NULL             | able         | 236                | 5285950       | 8AM-4PM              | Scott Smith  | 8           | Unknown           | Parliamentary candidates wait then heavy, keen mil       | David Lamontagne | 1             | Unknown         | 1            | Unknown        | 255             | Sycamore      | Dr.             | Suite 410      | Midway | Williamson County | TN      | 31904      | United States | -5.00        | 0.03             |
+------------+------------------+---------------------+---------------------+------------------+--------------+--------------------+---------------+----------------------+--------------+-------------+-------------------+----------------------------------------------------------+------------------+---------------+-----------------+--------------+----------------+-----------------+---------------+-----------------+----------------+--------+-------------------+---------+------------+---------------+--------------+------------------+
Fetched 2 row(s) in 0.11s
Query: SELECT * FROM ext_store_returns         limit 2
Query submitted at: 2020-06-10 02:14:34 (Coordinator: http://test4:25000)
Query progress can be monitored at: http://test4:25000/query_plan?query_id=6f43d0dc5d9d3cac:bb7b42e800000000
+---------------------+-------------------+------------+----------------+-------------+-------------+------------+-------------+--------------+------------------+--------------------+---------------+---------------+-----------------------+--------+---------------------+------------------+--------------------+-----------------+-------------+
| sr_returned_date_sk | sr_return_time_sk | sr_item_sk | sr_customer_sk | sr_cdemo_sk | sr_hdemo_sk | sr_addr_sk | sr_store_sk | sr_reason_sk | sr_ticket_number | sr_return_quantity | sr_return_amt | sr_return_tax | sr_return_amt_inc_tax | sr_fee | sr_return_ship_cost | sr_refunded_cash | sr_reversed_charge | sr_store_credit | sr_net_loss |
+---------------------+-------------------+------------+----------------+-------------+-------------+------------+-------------+--------------+------------------+--------------------+---------------+---------------+-----------------------+--------+---------------------+------------------+--------------------+-----------------+-------------+
| 2451984             | 46418             | 4553       | 67006          | 793022      | 4033        | 17397      | 7           | 19           | 1                | 51                 | 37.23         | 3.35          | 40.58                 | 55.28  | 714.00              | 0.74             | 17.51              | 18.98           | 772.63      |
| 2451822             | 47480             | 10993      | 67006          | 1082163     | 7157        | 49751      | 1           | 29           | 1                | 43                 | 4009.32       | 120.27        | 4129.59               | 28.23  | 0.00                | 3448.01          | 5.61               | 555.70          | 148.50      |
+---------------------+-------------------+------------+----------------+-------------+-------------+------------+-------------+--------------+------------------+--------------------+---------------+---------------+-----------------------+--------+---------------------+------------------+--------------------+-----------------+-------------+
Fetched 2 row(s) in 0.11s
Query: SELECT * FROM ext_store_sales           limit 2
Query submitted at: 2020-06-10 02:14:34 (Coordinator: http://test4:25000)
Query progress can be monitored at: http://test4:25000/query_plan?query_id=894b94cdd63a0c20:817f4dd700000000
+-----------------+-----------------+------------+----------------+-------------+-------------+------------+-------------+-------------+------------------+-------------+-------------------+---------------+----------------+---------------------+--------------------+-----------------------+-------------------+------------+---------------+-------------+---------------------+---------------+
| ss_sold_date_sk | ss_sold_time_sk | ss_item_sk | ss_customer_sk | ss_cdemo_sk | ss_hdemo_sk | ss_addr_sk | ss_store_sk | ss_promo_sk | ss_ticket_number | ss_quantity | ss_wholesale_cost | ss_list_price | ss_sales_price | ss_ext_discount_amt | ss_ext_sales_price | ss_ext_wholesale_cost | ss_ext_list_price | ss_ext_tax | ss_coupon_amt | ss_net_paid | ss_net_paid_inc_tax | ss_net_profit |
+-----------------+-----------------+------------+----------------+-------------+-------------+------------+-------------+-------------+------------------+-------------+-------------------+---------------+----------------+---------------------+--------------------+-----------------------+-------------------+------------+---------------+-------------+---------------------+---------------+
| 2451813         | 65495           | 3617       | 67006          | 591617      | 3428        | 24839      | 10          | 161         | 1                | 79          | 11.41             | 18.71         | 2.80           | 99.54               | 221.20             | 901.39                | 1478.09           | 6.08       | 99.54         | 121.66      | 127.74              | -779.73       |
| 2451813         | 65495           | 13283      | 67006          | 591617      | 3428        | 24839      | 10          | 154         | 1                | 37          | 63.63             | 101.17        | 41.47          | 46.03               | 1534.39            | 2354.31               | 3743.29           | 59.53      | 46.03         | 1488.36     | 1547.89             | -865.95       |
+-----------------+-----------------+------------+----------------+-------------+-------------+------------+-------------+-------------+------------------+-------------+-------------------+---------------+----------------+---------------------+--------------------+-----------------------+-------------------+------------+---------------+-------------+---------------------+---------------+
Fetched 2 row(s) in 0.11s
Query: SELECT * FROM ext_time_dim              limit 2
Query submitted at: 2020-06-10 02:14:34 (Coordinator: http://test4:25000)
Query progress can be monitored at: http://test4:25000/query_plan?query_id=d64b23e48fc8c3b0:62f4de1e00000000
+-----------+------------------+--------+--------+----------+----------+---------+----------------------+----------------------+----------------------+
| t_time_sk | t_time_id        | t_time | t_hour | t_minute | t_second | t_am_pm | t_shift              | t_sub_shift          | t_meal_time          |
+-----------+------------------+--------+--------+----------+----------+---------+----------------------+----------------------+----------------------+
| 0         | AAAAAAAABAAAAAAA | 0      | 0      | 0        | 0        | AM      | third                | night                |                      |
| 1         | AAAAAAAACAAAAAAA | 1      | 0      | 0        | 1        | AM      | third                | night                |                      |
+-----------+------------------+--------+--------+----------+----------+---------+----------------------+----------------------+----------------------+
Fetched 2 row(s) in 0.11s
Query: SELECT * FROM ext_warehouse             limit 2
Query submitted at: 2020-06-10 02:14:34 (Coordinator: http://test4:25000)
Query progress can be monitored at: http://test4:25000/query_plan?query_id=8d4ad90cc13f5039:7750720f00000000
+----------------+------------------+----------------------+-------------------+-----------------+---------------+-----------------+----------------+----------+-------------------+---------+------------+---------------+--------------+
| w_warehouse_sk | w_warehouse_id   | w_warehouse_name     | w_warehouse_sq_ft | w_street_number | w_street_name | w_street_type   | w_suite_number | w_city   | w_county          | w_state | w_zip      | w_country     | w_gmt_offset |
+----------------+------------------+----------------------+-------------------+-----------------+---------------+-----------------+----------------+----------+-------------------+---------+------------+---------------+--------------+
| 1              | AAAAAAAABAAAAAAA | Conventional childr  | 977787            | 651             | 6th           | Parkway         | Suite 470      | Fairview | Williamson County | TN      | 35709      | United States | -5.00        |
| 2              | AAAAAAAACAAAAAAA | Important issues liv | 138504            | 600             | View First    | Avenue          | Suite P        | Fairview | Williamson County | TN      | 35709      | United States | -5.00        |
+----------------+------------------+----------------------+-------------------+-----------------+---------------+-----------------+----------------+----------+-------------------+---------+------------+---------------+--------------+
Fetched 2 row(s) in 0.11s
Query: SELECT * FROM ext_web_page              limit 2
Query submitted at: 2020-06-10 02:14:34 (Coordinator: http://test4:25000)
Query progress can be monitored at: http://test4:25000/query_plan?query_id=3c429743b92cbebf:703c17bb00000000
+----------------+------------------+---------------------+---------------------+---------------------+-------------------+-----------------+----------------+--------------------+----------------------------------------------------+---------------+---------------+----------------+-----------------+
| wp_web_page_sk | wp_web_page_id   | wp_rec_start_date   | wp_rec_end_date     | wp_creation_date_sk | wp_access_date_sk | wp_autogen_flag | wp_customer_sk | wp_url             | wp_type                                            | wp_char_count | wp_link_count | wp_image_count | wp_max_ad_count |
+----------------+------------------+---------------------+---------------------+---------------------+-------------------+-----------------+----------------+--------------------+----------------------------------------------------+---------------+---------------+----------------+-----------------+
| 1              | AAAAAAAABAAAAAAA | 1997-09-03 00:00:00 | NULL                | 2450810             | 2452620           | Y               | 98539          | http://www.foo.com | welcome                                            | 2531          | 8             | 3              | 4               |
| 2              | AAAAAAAACAAAAAAA | 1997-09-03 00:00:00 | 2000-09-02 00:00:00 | 2450814             | 2452580           | N               | NULL           | http://www.foo.com | protected                                          | 1564          | 4             | 3              | 1               |
+----------------+------------------+---------------------+---------------------+---------------------+-------------------+-----------------+----------------+--------------------+----------------------------------------------------+---------------+---------------+----------------+-----------------+
Fetched 2 row(s) in 0.11s
Query: SELECT * FROM ext_web_returns           limit 2
Query submitted at: 2020-06-10 02:14:34 (Coordinator: http://test4:25000)
Query progress can be monitored at: http://test4:25000/query_plan?query_id=fd47709f804ea6b8:6eb4ad5b00000000
+---------------------+---------------------+------------+-------------------------+----------------------+----------------------+---------------------+--------------------------+-----------------------+-----------------------+----------------------+----------------+--------------+-----------------+--------------------+---------------+---------------+-----------------------+--------+---------------------+------------------+--------------------+-------------------+-------------+
| wr_returned_date_sk | wr_returned_time_sk | wr_item_sk | wr_refunded_customer_sk | wr_refunded_cdemo_sk | wr_refunded_hdemo_sk | wr_refunded_addr_sk | wr_returning_customer_sk | wr_returning_cdemo_sk | wr_returning_hdemo_sk | wr_returning_addr_sk | wr_web_page_sk | wr_reason_sk | wr_order_number | wr_return_quantity | wr_return_amt | wr_return_tax | wr_return_amt_inc_tax | wr_fee | wr_return_ship_cost | wr_refunded_cash | wr_reversed_charge | wr_account_credit | wr_net_loss |
+---------------------+---------------------+------------+-------------------------+----------------------+----------------------+---------------------+--------------------------+-----------------------+-----------------------+----------------------+----------------+--------------+-----------------+--------------------+---------------+---------------+-----------------------+--------+---------------------+------------------+--------------------+-------------------+-------------+
| 2451653             | 7022                | 10402      | 46224                   | 1011635              | 3446                 | 4057                | 46224                    | 1011635               | 3446                  | 4057                 | 56             | 23           | 1               | 10                 | 698.20        | 13.96         | 712.16                | 18.63  | 820.30              | 300.22           | 382.06             | 15.92             | 852.89      |
| 2451627             | 64915               | 15464      | 3811                    | 18405                | 199                  | 48793               | 3811                     | 18405                 | 199                   | 48793                | 13             | 9            | 1               | 47                 | 1248.79       | 49.95         | 1298.74               | 61.81  | 709.23              | 262.24           | 128.25             | 858.30            | 820.99      |
+---------------------+---------------------+------------+-------------------------+----------------------+----------------------+---------------------+--------------------------+-----------------------+-----------------------+----------------------+----------------+--------------+-----------------+--------------------+---------------+---------------+-----------------------+--------+---------------------+------------------+--------------------+-------------------+-------------+
Fetched 2 row(s) in 0.11s
Query: SELECT * FROM ext_web_sales             limit 2
Query submitted at: 2020-06-10 02:14:34 (Coordinator: http://test4:25000)
Query progress can be monitored at: http://test4:25000/query_plan?query_id=9a46bd3d93131b20:4b2a10e900000000
+-----------------+-----------------+-----------------+------------+---------------------+------------------+------------------+-----------------+---------------------+------------------+------------------+-----------------+----------------+----------------+-----------------+-----------------+-------------+-----------------+-------------+-------------------+---------------+----------------+---------------------+--------------------+-----------------------+-------------------+------------+---------------+------------------+-------------+---------------------+----------------------+--------------------------+---------------+
| ws_sold_date_sk | ws_sold_time_sk | ws_ship_date_sk | ws_item_sk | ws_bill_customer_sk | ws_bill_cdemo_sk | ws_bill_hdemo_sk | ws_bill_addr_sk | ws_ship_customer_sk | ws_ship_cdemo_sk | ws_ship_hdemo_sk | ws_ship_addr_sk | ws_web_page_sk | ws_web_site_sk | ws_ship_mode_sk | ws_warehouse_sk | ws_promo_sk | ws_order_number | ws_quantity | ws_wholesale_cost | ws_list_price | ws_sales_price | ws_ext_discount_amt | ws_ext_sales_price | ws_ext_wholesale_cost | ws_ext_list_price | ws_ext_tax | ws_coupon_amt | ws_ext_ship_cost | ws_net_paid | ws_net_paid_inc_tax | ws_net_paid_inc_ship | ws_net_paid_inc_ship_tax | ws_net_profit |
+-----------------+-----------------+-----------------+------------+---------------------+------------------+------------------+-----------------+---------------------+------------------+------------------+-----------------+----------------+----------------+-----------------+-----------------+-------------+-----------------+-------------+-------------------+---------------+----------------+---------------------+--------------------+-----------------------+-------------------+------------+---------------+------------------+-------------+---------------------+----------------------+--------------------------+---------------+
| 2451383         | 73313           | 2451482         | 4591       | 83074               | 596485           | 1096             | 40907           | 85919               | 41329            | 1140             | 1351            | 43             | 4              | 4               | 5               | 6           | 1               | 57          | 33.59             | 59.45         | 38.04          | 1220.37             | 2168.28            | 1914.63               | 3388.65           | 50.95      | 1149.18       | 575.70           | 1019.10     | 1070.05             | 1594.80              | 1645.75                  | -895.53       |
| 2451383         | 73313           | 2451411         | 3566       | 83074               | 596485           | 1096             | 40907           | 85919               | 41329            | 1140             | 1351            | 28             | 7              | 3               | 2               | 271         | 1               | 38          | 29.83             | 48.92         | 26.41          | 855.38              | 1003.58            | 1133.54               | 1858.96           | 30.10      | 0.00          | 910.86           | 1003.58     | 1033.68             | 1914.44              | 1944.54                  | -129.96       |
+-----------------+-----------------+-----------------+------------+---------------------+------------------+------------------+-----------------+---------------------+------------------+------------------+-----------------+----------------+----------------+-----------------+-----------------+-------------+-----------------+-------------+-------------------+---------------+----------------+---------------------+--------------------+-----------------------+-------------------+------------+---------------+------------------+-------------+---------------------+----------------------+--------------------------+---------------+
Fetched 2 row(s) in 0.15s
Query: SELECT * FROM ext_web_site              limit 2
Query submitted at: 2020-06-10 02:14:35 (Coordinator: http://test4:25000)
Query progress can be monitored at: http://test4:25000/query_plan?query_id=7542dbcb11766a06:7f7740f200000000
+-------------+------------------+---------------------+---------------------+----------+------------------+-------------------+-----------+----------------+------------+------------------------------------------------+-----------------------------------------------------------------------------+--------------------+----------------+----------------------------------------------------+-------------------+-----------------+-----------------+------------------+----------+-------------------+-----------+------------+---------------+----------------+--------------------+
| web_site_sk | web_site_id      | web_rec_start_date  | web_rec_end_date    | web_name | web_open_date_sk | web_close_date_sk | web_class | web_manager    | web_mkt_id | web_mkt_class                                  | web_mkt_desc                                                                | web_market_manager | web_company_id | web_company_name                                   | web_street_number | web_street_name | web_street_type | web_suite_number | web_city | web_county        | web_state | web_zip    | web_country   | web_gmt_offset | web_tax_percentage |
+-------------+------------------+---------------------+---------------------+----------+------------------+-------------------+-----------+----------------+------------+------------------------------------------------+-----------------------------------------------------------------------------+--------------------+----------------+----------------------------------------------------+-------------------+-----------------+-----------------+------------------+----------+-------------------+-----------+------------+---------------+----------------+--------------------+
| 1           | AAAAAAAABAAAAAAA | 1997-08-16 00:00:00 | NULL                | site_0   | 2450807          | NULL              | Unknown   | Ronald Shaffer | 4          | Grey lines ought to result indeed centres. Tod | Well similar decisions used to keep hardly democratic, personal priorities. | Joe George         | 6              | cally                                              | 51                | Dogwood Sunset  | Ln              | Suite 330        | Midway   | Williamson County | TN        | 31904      | United States | -5.00          | 0.10               |
| 2           | AAAAAAAACAAAAAAA | 1997-08-16 00:00:00 | 2000-08-15 00:00:00 | site_0   | 2450798          | 2447148           | Unknown   | Tommy Jones    | 6          | Completely excellent things ought to pro       | Lucky passengers know. Red details will not hang alive, international s     | David Myers        | 4              | ese                                                | 358               | Ridge Wilson    | Cir.            | Suite 150        | Midway   | Williamson County | TN        | 31904      | United States | -5.00          | 0.00               |
+-------------+------------------+---------------------+---------------------+----------+------------------+-------------------+-----------+----------------+------------+------------------------------------------------+-----------------------------------------------------------------------------+--------------------+----------------+----------------------------------------------------+-------------------+-----------------+-----------------+------------------+----------+-------------------+-----------+------------+---------------+----------------+--------------------+
Fetched 2 row(s) in 0.11s
